2024-05-06 16:15:12 [info]: Connected to Redis
2024-05-06 16:15:12 [info]: Database connected successfully
2024-05-06 16:15:12 [info]: Server running on port = 8000
2024-05-06 16:16:10 [info]: Connected to Redis
2024-05-06 16:16:10 [info]: Database connected successfully
2024-05-06 16:16:10 [info]: Server running on port = 8000
2024-05-06 16:16:14 [info]: Connected to Redis
2024-05-06 16:16:14 [info]: Database connected successfully
2024-05-06 16:16:14 [info]: Server running on port = 8000
2024-05-06 16:16:26 [info]: Connected to Redis
2024-05-06 16:16:26 [info]: Database connected successfully
2024-05-06 16:16:26 [info]: Server running on port = 8000
2024-05-06 16:17:27 [info]: Connected to Redis
2024-05-06 16:17:27 [info]: Database connected successfully
2024-05-06 16:17:27 [info]: Server running on port = 8000
2024-05-06 16:17:40 [info]: Connected to Redis
2024-05-06 16:17:40 [info]: Database connected successfully
2024-05-06 16:17:40 [info]: Server running on port = 8000
2024-05-06 16:25:37 [info]: Connected to Redis
2024-05-06 16:25:37 [info]: Database connected successfully
2024-05-06 16:25:37 [info]: Server running on port = 8000
2024-05-06 16:25:45 [info]: Connected to Redis
2024-05-06 16:25:45 [info]: Database connected successfully
2024-05-06 16:25:45 [info]: Server running on port = 8000
2024-05-06 16:26:00 [info]: Connected to Redis
2024-05-06 16:26:00 [info]: Database connected successfully
2024-05-06 16:26:00 [info]: Server running on port = 8000
2024-05-06 17:15:46 [info]: Connected to Redis
2024-05-06 17:15:46 [info]: Database connected successfully
2024-05-06 17:15:46 [info]: Server running on port = 8000
2024-05-06 17:15:51 [info]: Connected to Redis
2024-05-06 17:15:51 [info]: Database connected successfully
2024-05-06 17:15:51 [info]: Server running on port = 8000
2024-05-06 17:16:42 [info]: Connected to Redis
2024-05-06 17:16:42 [info]: Database connected successfully
2024-05-06 17:16:42 [info]: Server running on port = 8000
2024-05-06 17:16:48 [info]: Connected to Redis
2024-05-06 17:16:48 [info]: Database connected successfully
2024-05-06 17:16:48 [info]: Server running on port = 8000
2024-05-06 17:17:01 [info]: Connected to Redis
2024-05-06 17:17:01 [info]: Database connected successfully
2024-05-06 17:17:01 [info]: Server running on port = 8000
2024-05-06 17:17:04 [info]: Connected to Redis
2024-05-06 17:17:04 [info]: Database connected successfully
2024-05-06 17:17:04 [info]: Server running on port = 8000
2024-05-06 17:17:08 [info]: Connected to Redis
2024-05-06 17:17:08 [info]: Database connected successfully
2024-05-06 17:17:34 [info]: Connected to Redis
2024-05-06 17:17:34 [info]: Database connected successfully
2024-05-06 17:17:34 [info]: Server running on port = 8000
2024-05-06 17:17:54 [info]: Connected to Redis
2024-05-06 17:17:54 [info]: Database connected successfully
2024-05-06 17:17:54 [info]: Server running on port = 8000
2024-05-06 17:18:18 [info]: Connected to Redis
2024-05-06 17:18:18 [info]: Database connected successfully
2024-05-06 17:18:18 [info]: Server running on port = 8000
2024-05-06 17:20:13 [info]: Connected to Redis
2024-05-06 17:20:13 [info]: Database connected successfully
2024-05-06 17:20:13 [info]: Server running on port = 8000
2024-05-06 17:22:00 [info]: Connected to Redis
2024-05-06 17:22:00 [info]: Database connected successfully
2024-05-06 17:22:00 [info]: Server running on port = 8000
2024-05-06 17:26:12 [info]: Connected to Redis
2024-05-06 17:26:12 [info]: Database connected successfully
2024-05-06 17:26:12 [info]: Server running on port = 8000
2024-05-06 17:28:10 [info]: Connected to Redis
2024-05-06 17:28:10 [info]: Database connected successfully
2024-05-06 17:28:10 [info]: Server running on port = 8000
2024-05-06 17:28:36 [info]: Connected to Redis
2024-05-06 17:28:36 [info]: Database connected successfully
2024-05-06 17:28:36 [info]: Server running on port = 8000
2024-05-06 17:28:46 [info]: Connected to Redis
2024-05-06 17:28:46 [info]: Database connected successfully
2024-05-06 17:28:46 [info]: Server running on port = 8000
2024-05-06 17:30:36 [info]: Connected to Redis
2024-05-06 17:30:36 [info]: Database connected successfully
2024-05-06 17:30:36 [info]: Server running on port = 8000
2024-05-06 17:34:46 [info]: Connected to Redis
2024-05-06 17:34:46 [info]: Database connected successfully
2024-05-06 17:34:46 [info]: Server running on port = 8000
2024-05-06 17:38:28 [info]: Connected to Redis
2024-05-06 17:38:28 [info]: Database connected successfully
2024-05-06 17:38:28 [info]: Server running on port = 8000
2024-05-06 17:38:39 [info]: Connected to Redis
2024-05-06 17:38:39 [info]: Database connected successfully
2024-05-06 17:38:39 [info]: Server running on port = 8000
2024-05-06 17:38:52 [info]: Connected to Redis
2024-05-06 17:38:52 [info]: Database connected successfully
2024-05-06 17:38:52 [info]: Server running on port = 8000
2024-05-06 17:39:01 [info]: Connected to Redis
2024-05-06 17:39:01 [info]: Database connected successfully
2024-05-06 17:39:01 [info]: Server running on port = 8000
2024-05-06 17:39:04 [info]: Connected to Redis
2024-05-06 17:39:04 [info]: Database connected successfully
2024-05-06 17:39:04 [info]: Server running on port = 8000
2024-05-06 19:22:14 [info]: Connected to Redis
2024-05-06 19:22:14 [info]: Database connected successfully
2024-05-06 19:22:14 [info]: Server running on port = 8000
2024-05-06 19:23:44 [info]: Connected to Redis
2024-05-06 19:23:44 [info]: Database connected successfully
2024-05-06 19:23:44 [info]: Server running on port = 8000
2024-05-06 19:25:35 [info]: Connected to Redis
2024-05-06 19:25:35 [info]: Database connected successfully
2024-05-06 19:25:35 [info]: Server running on port = 8000
2024-05-06 19:28:40 [info]: Connected to Redis
2024-05-06 19:28:40 [info]: Database connected successfully
2024-05-06 19:28:40 [info]: Server running on port = 8000
2024-05-06 19:28:41 [info]: Connected to Redis
2024-05-06 19:28:41 [info]: Database connected successfully
2024-05-06 19:28:41 [info]: Server running on port = 8000
2024-05-06 19:28:45 [info]: Connected to Redis
2024-05-06 19:28:45 [info]: Database connected successfully
2024-05-06 19:28:45 [info]: Server running on port = 8000
2024-05-06 19:28:49 [info]: Connected to Redis
2024-05-06 19:28:49 [info]: Database connected successfully
2024-05-06 19:28:49 [info]: Server running on port = 8000
2024-05-06 19:30:29 [info]: Connected to Redis
2024-05-06 19:30:29 [info]: Database connected successfully
2024-05-06 19:30:29 [info]: Server running on port = 8000
2024-05-06 19:34:23 [info]: Connected to Redis
2024-05-06 19:34:23 [info]: Database connected successfully
2024-05-06 19:34:23 [info]: Server running on port = 8000
2024-05-06 19:37:23 [info]: Connected to Redis
2024-05-06 19:37:23 [info]: Database connected successfully
2024-05-06 19:37:23 [info]: Server running on port = 8000
2024-05-06 19:39:35 [info]: Connected to Redis
2024-05-06 19:39:35 [info]: Database connected successfully
2024-05-06 19:39:35 [info]: Server running on port = 8000
2024-05-06 19:40:03 [info]: Connected to Redis
2024-05-06 19:40:03 [info]: Database connected successfully
2024-05-06 19:40:03 [info]: Server running on port = 8000
2024-05-06 19:40:55 [info]: Connected to Redis
2024-05-06 19:40:55 [info]: Database connected successfully
2024-05-06 19:40:55 [info]: Server running on port = 8000
2024-05-06 19:40:58 [info]: Connected to Redis
2024-05-06 19:40:58 [info]: Database connected successfully
2024-05-06 19:40:58 [info]: Server running on port = 8000
2024-05-06 19:41:41 [info]: Connected to Redis
2024-05-06 19:41:41 [info]: Database connected successfully
2024-05-06 19:41:41 [info]: Server running on port = 8000
2024-05-06 19:42:26 [info]: Connected to Redis
2024-05-06 19:42:26 [info]: Database connected successfully
2024-05-06 19:42:26 [info]: Server running on port = 8000
2024-05-06 19:42:29 [info]: Connected to Redis
2024-05-06 19:42:29 [info]: Database connected successfully
2024-05-06 19:42:29 [info]: Server running on port = 8000
2024-05-06 19:44:23 [info]: Connected to Redis
2024-05-06 19:44:23 [info]: Database connected successfully
2024-05-06 19:44:23 [info]: Server running on port = 8000
2024-05-06 19:44:37 [info]: Connected to Redis
2024-05-06 19:44:37 [info]: Database connected successfully
2024-05-06 19:44:37 [info]: Server running on port = 8000
2024-05-06 19:51:26 [info]: Connected to Redis
2024-05-06 19:51:26 [info]: Database connected successfully
2024-05-06 19:51:26 [info]: Server running on port = 8000
2024-05-06 19:52:16 [info]: Connected to Redis
2024-05-06 19:52:16 [info]: Database connected successfully
2024-05-06 19:52:16 [info]: Server running on port = 8000
2024-05-06 19:53:17 [info]: Connected to Redis
2024-05-06 19:53:17 [info]: Database connected successfully
2024-05-06 19:53:17 [info]: Server running on port = 8000
2024-05-06 19:53:40 [info]: Signin attempt for email: ahmed.ehsan10@gmail.com
2024-05-06 19:53:40 [info]: User signed in successfully for email: ahmed.ehsan10@gmail.com
2024-05-06 19:54:36 [info]: Connected to Redis
2024-05-06 19:54:36 [info]: Database connected successfully
2024-05-06 19:54:36 [info]: Server running on port = 8000
2024-05-06 19:55:05 [info]: Connected to Redis
2024-05-06 19:55:05 [info]: Database connected successfully
2024-05-06 19:55:05 [info]: Server running on port = 8000
2024-05-06 19:55:10 [info]: Connected to Redis
2024-05-06 19:55:10 [info]: Database connected successfully
2024-05-06 19:55:10 [info]: Server running on port = 8000
2024-05-06 19:55:16 [info]: Connected to Redis
2024-05-06 19:55:16 [info]: Database connected successfully
2024-05-06 19:55:16 [info]: Server running on port = 8000
2024-05-06 19:58:33 [info]: Connected to Redis
2024-05-06 19:58:33 [info]: Database connected successfully
2024-05-06 19:58:33 [info]: Server running on port = 8000
2024-05-06 20:02:28 [info]: Signin attempt for email: ahmed.ehsan10@gmail.com
2024-05-06 20:02:28 [info]: User signed in successfully for email: ahmed.ehsan10@gmail.com
2024-05-06 20:08:59 [info]: Connected to Redis
2024-05-06 20:08:59 [info]: Database connected successfully
2024-05-06 20:08:59 [info]: Server running on port = 8000
2024-05-06 20:09:32 [info]: Connected to Redis
2024-05-06 20:09:32 [info]: Database connected successfully
2024-05-06 20:09:32 [info]: Server running on port = 8000
2024-05-06 20:09:49 [info]: Connected to Redis
2024-05-06 20:09:49 [info]: Database connected successfully
2024-05-06 20:09:49 [info]: Server running on port = 8000
2024-05-06 20:12:12 [info]: Signin attempt for email: ahmed.ehsan11@gmail.com
2024-05-06 20:12:12 [info]: User signed in successfully for email: ahmed.ehsan11@gmail.com
2024-05-06 20:12:26 [info]: Signin attempt for email: ahmed.ehsan10@gmail.com
2024-05-06 20:12:26 [info]: User signed in successfully for email: ahmed.ehsan10@gmail.com
2024-05-06 20:19:42 [info]: Update user attempt for id: 65fc6fbb3c62eda193862187
2024-05-06 20:19:42 [error]: Update user error for id: 65fc6fbb3c62eda193862187 Cannot access 'updatedUser' before initialization
2024-05-06 20:20:00 [info]: Update user attempt for id: 65fc6fbb3c62eda193862187
2024-05-06 20:20:00 [error]: Update user error for id: 65fc6fbb3c62eda193862187 Cannot access 'updatedUser' before initialization
2024-05-06 20:22:09 [info]: Connected to Redis
2024-05-06 20:22:09 [info]: Database connected successfully
2024-05-06 20:22:09 [info]: Server running on port = 8000
2024-05-06 20:23:09 [info]: Update user attempt for id: 65fc6fbb3c62eda193862187
2024-05-06 20:23:09 [error]: Update user error for id: 65fc6fbb3c62eda193862187 Cannot access 'updatedUser' before initialization
2024-05-06 20:23:54 [info]: Connected to Redis
2024-05-06 20:23:54 [info]: Database connected successfully
2024-05-06 20:23:54 [info]: Server running on port = 8000
2024-05-06 22:00:32 [info]: Connected to Redis
2024-05-06 22:00:32 [info]: Database connected successfully
2024-05-06 22:00:32 [info]: Server running on port = 8000
2024-05-06 22:04:57 [info]: Connected to Redis
2024-05-06 22:04:57 [info]: Database connected successfully
2024-05-06 22:04:57 [info]: Server running on port = 8000
2024-05-06 22:05:04 [info]: Signin attempt for email: ahmed.ehsan10@gmail.com
2024-05-06 22:05:04 [info]: User signed in successfully for email: ahmed.ehsan10@gmail.com
2024-05-06 22:05:27 [info]: Connected to Redis
2024-05-06 22:05:27 [info]: Database connected successfully
2024-05-06 22:05:27 [info]: Server running on port = 8000
2024-05-06 22:06:34 [info]: Connected to Redis
2024-05-06 22:06:34 [info]: Database connected successfully
2024-05-06 22:06:34 [info]: Server running on port = 8000
2024-05-06 22:07:04 [info]: Connected to Redis
2024-05-06 22:07:04 [info]: Database connected successfully
2024-05-06 22:07:04 [info]: Server running on port = 8000
2024-05-06 22:09:14 [info]: Connected to Redis
2024-05-06 22:09:14 [info]: Database connected successfully
2024-05-06 22:09:14 [info]: Server running on port = 8000
2024-05-06 22:12:44 [info]: Connected to Redis
2024-05-06 22:12:44 [info]: Database connected successfully
2024-05-06 22:12:44 [info]: Server running on port = 8000
2024-05-06 22:14:42 [info]: Connected to Redis
2024-05-06 22:14:42 [info]: Database connected successfully
2024-05-06 22:14:42 [info]: Server running on port = 8000
2024-05-06 22:15:00 [info]: Connected to Redis
2024-05-06 22:15:00 [info]: Database connected successfully
2024-05-06 22:15:00 [info]: Server running on port = 8000
2024-05-06 22:15:29 [info]: Connected to Redis
2024-05-06 22:15:29 [info]: Database connected successfully
2024-05-06 22:15:29 [info]: Server running on port = 8000
2024-05-06 22:16:03 [info]: Signin attempt for email: ahmed.ehsan11@gmail.com
2024-05-06 22:16:03 [info]: User signed in successfully for email: ahmed.ehsan11@gmail.com
2024-05-06 22:18:28 [info]: Connected to Redis
2024-05-06 22:18:28 [info]: Database connected successfully
2024-05-06 22:18:28 [info]: Server running on port = 8000
2024-05-06 22:20:30 [info]: Connected to Redis
2024-05-06 22:20:30 [info]: Database connected successfully
2024-05-06 22:20:30 [info]: Server running on port = 8000
2024-05-06 22:21:43 [info]: Connected to Redis
2024-05-06 22:21:43 [info]: Database connected successfully
2024-05-06 22:21:43 [info]: Server running on port = 8000
2024-05-06 22:22:39 [info]: Connected to Redis
2024-05-06 22:22:39 [info]: Database connected successfully
2024-05-06 22:22:39 [info]: Server running on port = 8000
2024-05-06 22:24:16 [info]: Signin attempt for email: ahmed.ehsan11@gmail.com
2024-05-06 22:24:16 [info]: User signed in successfully for email: ahmed.ehsan11@gmail.com
2024-05-06 22:24:17 [info]: Signin attempt for email: ahmed.ehsan11@gmail.com
2024-05-06 22:24:17 [info]: User signed in successfully for email: ahmed.ehsan11@gmail.com
2024-05-06 22:25:46 [info]: Connected to Redis
2024-05-06 22:25:46 [info]: Database connected successfully
2024-05-06 22:25:46 [info]: Server running on port = 8000
2024-05-06 22:25:48 [info]: Connected to Redis
2024-05-06 22:25:48 [info]: Database connected successfully
2024-05-06 22:25:48 [info]: Server running on port = 8000
2024-05-06 22:27:51 [info]: Connected to Redis
2024-05-07 14:20:31 [info]: Connected to Redis
2024-05-07 14:20:31 [info]: Database connected successfully
2024-05-07 14:20:31 [info]: Server running on port = 8000
2024-05-07 14:21:11 [info]: Connected to Redis
2024-05-07 14:21:11 [info]: Database connected successfully
2024-05-07 14:21:11 [info]: Server running on port = 8000
2024-05-07 14:23:24 [info]: Signin attempt for email: ahmed.ehsan11@gmail.com
2024-05-07 14:23:24 [info]: User signed in successfully for email: ahmed.ehsan11@gmail.com
2024-05-07 14:23:51 [info]: Connected to Redis
2024-05-07 14:23:51 [info]: Database connected successfully
2024-05-07 14:23:51 [info]: Server running on port = 8000
2024-05-07 14:25:41 [info]: Connected to Redis
2024-05-07 14:25:41 [info]: Database connected successfully
2024-05-07 14:25:41 [info]: Server running on port = 8000
2024-05-07 14:25:43 [info]: Connected to Redis
2024-05-07 14:25:43 [info]: Database connected successfully
2024-05-07 14:25:43 [info]: Server running on port = 8000
2024-05-07 14:25:49 [info]: Connected to Redis
2024-05-07 14:25:49 [info]: Database connected successfully
2024-05-07 14:25:49 [info]: Server running on port = 8000
2024-05-07 14:26:25 [info]: Connected to Redis
2024-05-07 14:26:25 [info]: Database connected successfully
2024-05-07 14:26:25 [info]: Server running on port = 8000
2024-05-07 14:26:32 [info]: Connected to Redis
2024-05-07 14:26:32 [info]: Database connected successfully
2024-05-07 14:26:32 [info]: Server running on port = 8000
2024-05-07 14:27:01 [info]: Connected to Redis
2024-05-07 14:27:01 [info]: Database connected successfully
2024-05-07 14:27:01 [info]: Server running on port = 8000
2024-05-07 14:27:27 [info]: Connected to Redis
2024-05-07 14:27:27 [info]: Database connected successfully
2024-05-07 14:27:27 [info]: Server running on port = 8000
2024-05-07 14:29:01 [info]: Connected to Redis
2024-05-07 14:29:01 [info]: Database connected successfully
2024-05-07 14:29:01 [info]: Server running on port = 8000
2024-05-07 14:31:03 [info]: Connected to Redis
2024-05-07 14:31:03 [info]: Database connected successfully
2024-05-07 14:31:03 [info]: Server running on port = 8000
2024-05-07 14:32:08 [info]: Connected to Redis
2024-05-07 14:32:08 [info]: Database connected successfully
2024-05-07 14:32:08 [info]: Server running on port = 8000
2024-05-07 14:32:48 [info]: Connected to Redis
2024-05-07 14:32:48 [info]: Database connected successfully
2024-05-07 14:32:48 [info]: Server running on port = 8000
2024-05-07 14:32:49 [info]: Connected to Redis
2024-05-07 14:32:49 [info]: Database connected successfully
2024-05-07 14:32:49 [info]: Server running on port = 8000
2024-05-07 14:36:01 [info]: Connected to Redis
2024-05-07 14:36:01 [info]: Database connected successfully
2024-05-07 14:36:01 [info]: Server running on port = 8000
2024-05-07 14:37:53 [info]: Connected to Redis
2024-05-07 14:37:53 [info]: Database connected successfully
2024-05-07 14:37:53 [info]: Server running on port = 8000
2024-05-07 14:39:04 [info]: Connected to Redis
2024-05-07 14:39:04 [info]: Database connected successfully
2024-05-07 14:39:04 [info]: Server running on port = 8000
2024-05-07 14:39:31 [info]: Connected to Redis
2024-05-07 14:39:31 [info]: Database connected successfully
2024-05-07 14:39:31 [info]: Server running on port = 8000
2024-05-07 14:39:38 [info]: Connected to Redis
2024-05-07 14:39:38 [info]: Database connected successfully
2024-05-07 14:39:38 [info]: Server running on port = 8000
2024-05-07 14:41:14 [info]: Connected to Redis
2024-05-07 14:41:14 [info]: Database connected successfully
2024-05-07 14:41:14 [info]: Server running on port = 8000
2024-05-07 14:41:37 [info]: Connected to Redis
2024-05-07 14:41:37 [info]: Database connected successfully
2024-05-07 14:41:37 [info]: Server running on port = 8000
2024-05-07 14:41:44 [info]: Connected to Redis
2024-05-07 14:41:44 [info]: Database connected successfully
2024-05-07 14:41:44 [info]: Server running on port = 8000
2024-05-07 14:41:52 [info]: Connected to Redis
2024-05-07 14:41:52 [info]: Database connected successfully
2024-05-07 14:41:52 [info]: Server running on port = 8000
2024-05-07 14:41:59 [info]: Connected to Redis
2024-05-07 14:41:59 [info]: Database connected successfully
2024-05-07 14:41:59 [info]: Server running on port = 8000
2024-05-07 14:42:24 [info]: Connected to Redis
2024-05-07 14:42:24 [info]: Database connected successfully
2024-05-07 14:42:24 [info]: Server running on port = 8000
2024-05-07 14:42:41 [info]: Connected to Redis
2024-05-07 14:42:41 [info]: Database connected successfully
2024-05-07 14:42:41 [info]: Server running on port = 8000
2024-05-07 14:43:38 [info]: Connected to Redis
2024-05-07 14:43:38 [info]: Database connected successfully
2024-05-07 14:43:38 [info]: Server running on port = 8000
2024-05-07 14:43:51 [info]: Connected to Redis
2024-05-07 14:43:51 [info]: Database connected successfully
2024-05-07 14:43:51 [info]: Server running on port = 8000
2024-05-07 14:44:39 [info]: Connected to Redis
2024-05-07 14:44:39 [info]: Database connected successfully
2024-05-07 14:44:39 [info]: Server running on port = 8000
2024-05-07 14:45:02 [info]: Connected to Redis
2024-05-07 14:45:02 [info]: Database connected successfully
2024-05-07 14:45:02 [info]: Server running on port = 8000
2024-05-07 14:46:06 [info]: Connected to Redis
2024-05-07 14:46:06 [info]: Database connected successfully
2024-05-07 14:46:06 [info]: Server running on port = 8000
2024-05-07 14:46:17 [info]: Connected to Redis
2024-05-07 14:46:17 [info]: Database connected successfully
2024-05-07 14:46:17 [info]: Server running on port = 8000
2024-05-07 14:46:51 [info]: Connected to Redis
2024-05-07 14:46:51 [info]: Database connected successfully
2024-05-07 14:46:51 [info]: Server running on port = 8000
2024-05-07 14:47:09 [info]: Connected to Redis
2024-05-07 14:47:09 [info]: Database connected successfully
2024-05-07 14:47:09 [info]: Server running on port = 8000
2024-05-07 14:47:23 [info]: Connected to Redis
2024-05-07 14:47:23 [info]: Database connected successfully
2024-05-07 14:47:23 [info]: Server running on port = 8000
2024-05-07 14:47:54 [info]: Connected to Redis
2024-05-07 14:47:54 [info]: Database connected successfully
2024-05-07 14:47:54 [info]: Server running on port = 8000
2024-05-07 14:48:09 [info]: Connected to Redis
2024-05-07 14:48:09 [info]: Database connected successfully
2024-05-07 14:48:09 [info]: Server running on port = 8000
2024-05-07 14:49:00 [info]: Connected to Redis
2024-05-07 14:49:00 [info]: Database connected successfully
2024-05-07 14:49:00 [info]: Server running on port = 8000
2024-05-07 14:49:05 [info]: Connected to Redis
2024-05-07 14:49:05 [info]: Database connected successfully
2024-05-07 14:49:05 [info]: Server running on port = 8000
2024-05-07 14:50:23 [info]: Connected to Redis
2024-05-07 14:50:23 [info]: Database connected successfully
2024-05-07 14:50:23 [info]: Server running on port = 8000
2024-05-07 14:50:30 [info]: Connected to Redis
2024-05-07 14:50:30 [info]: Database connected successfully
2024-05-07 14:50:30 [info]: Server running on port = 8000
2024-05-07 14:51:36 [info]: Connected to Redis
2024-05-07 14:51:36 [info]: Database connected successfully
2024-05-07 14:51:36 [info]: Server running on port = 8000
2024-05-07 14:52:22 [info]: Connected to Redis
2024-05-07 14:52:22 [info]: Database connected successfully
2024-05-07 14:52:22 [info]: Server running on port = 8000
2024-05-07 14:53:45 [info]: Connected to Redis
2024-05-07 14:53:45 [info]: Database connected successfully
2024-05-07 14:53:45 [info]: Server running on port = 8000
2024-05-07 14:59:25 [info]: Connected to Redis
2024-05-07 14:59:25 [info]: Database connected successfully
2024-05-07 14:59:25 [info]: Server running on port = 8000
2024-05-07 14:59:27 [info]: Connected to Redis
2024-05-07 14:59:27 [info]: Database connected successfully
2024-05-07 14:59:27 [info]: Server running on port = 8000
2024-05-07 14:59:42 [info]: Connected to Redis
2024-05-07 14:59:42 [info]: Database connected successfully
2024-05-07 14:59:42 [info]: Server running on port = 8000
2024-05-07 14:59:54 [info]: Connected to Redis
2024-05-07 14:59:54 [info]: Database connected successfully
2024-05-07 14:59:54 [info]: Server running on port = 8000
2024-05-07 15:00:10 [info]: Connected to Redis
2024-05-07 15:00:10 [info]: Database connected successfully
2024-05-07 15:00:10 [info]: Server running on port = 8000
2024-05-07 15:01:23 [info]: Connected to Redis
2024-05-07 15:01:23 [info]: Database connected successfully
2024-05-07 15:01:23 [info]: Server running on port = 8000
2024-05-07 15:01:59 [info]: Connected to Redis
2024-05-07 15:01:59 [info]: Database connected successfully
2024-05-07 15:01:59 [info]: Server running on port = 8000
2024-05-07 15:02:38 [info]: Connected to Redis
2024-05-07 15:02:38 [info]: Database connected successfully
2024-05-07 15:02:38 [info]: Server running on port = 8000
2024-05-07 15:45:50 [info]: Connected to Redis
2024-05-07 15:45:50 [info]: Database connected successfully
2024-05-07 15:45:50 [info]: Server running on port = 8000
2024-05-07 16:09:15 [info]: Signin attempt for email: ahmed.ehsan10@gmail.com
2024-05-07 16:09:15 [info]: User signed in successfully for email: ahmed.ehsan10@gmail.com
2024-05-07 16:09:19 [info]: Signin attempt for email: ahmed.ehsan10@gmail.com
2024-05-07 16:09:19 [info]: User signed in successfully for email: ahmed.ehsan10@gmail.com
2024-05-07 16:10:10 [info]: Signin attempt for email: ahmed.ehsan10@gmail.com
2024-05-07 16:10:10 [info]: User signed in successfully for email: ahmed.ehsan10@gmail.com
2024-05-07 16:10:11 [info]: Signin attempt for email: ahmed.ehsan10@gmail.com
2024-05-07 16:10:11 [info]: User signed in successfully for email: ahmed.ehsan10@gmail.com
2024-05-07 16:10:11 [info]: Signin attempt for email: ahmed.ehsan10@gmail.com
2024-05-07 16:10:11 [info]: User signed in successfully for email: ahmed.ehsan10@gmail.com
2024-05-07 16:10:11 [info]: Signin attempt for email: ahmed.ehsan10@gmail.com
2024-05-07 16:10:11 [info]: User signed in successfully for email: ahmed.ehsan10@gmail.com
2024-05-07 16:10:11 [info]: Signin attempt for email: ahmed.ehsan10@gmail.com
2024-05-07 16:10:11 [info]: User signed in successfully for email: ahmed.ehsan10@gmail.com
2024-05-07 16:10:11 [info]: Signin attempt for email: ahmed.ehsan10@gmail.com
2024-05-07 16:10:11 [info]: User signed in successfully for email: ahmed.ehsan10@gmail.com
2024-05-07 16:10:12 [info]: Signin attempt for email: ahmed.ehsan10@gmail.com
2024-05-07 16:10:12 [info]: User signed in successfully for email: ahmed.ehsan10@gmail.com
2024-05-07 16:10:12 [info]: Signin attempt for email: ahmed.ehsan10@gmail.com
2024-05-07 16:10:12 [info]: User signed in successfully for email: ahmed.ehsan10@gmail.com
2024-05-07 16:10:12 [info]: Signin attempt for email: ahmed.ehsan10@gmail.com
2024-05-07 16:10:12 [info]: User signed in successfully for email: ahmed.ehsan10@gmail.com
2024-05-07 16:10:12 [info]: Signin attempt for email: ahmed.ehsan10@gmail.com
2024-05-07 16:10:12 [info]: User signed in successfully for email: ahmed.ehsan10@gmail.com
2024-05-07 16:10:12 [info]: Signin attempt for email: ahmed.ehsan10@gmail.com
2024-05-07 16:10:12 [info]: User signed in successfully for email: ahmed.ehsan10@gmail.com
2024-05-07 16:10:12 [info]: Signin attempt for email: ahmed.ehsan10@gmail.com
2024-05-07 16:10:12 [info]: User signed in successfully for email: ahmed.ehsan10@gmail.com
2024-05-07 16:10:13 [info]: Signin attempt for email: ahmed.ehsan10@gmail.com
2024-05-07 16:10:13 [info]: User signed in successfully for email: ahmed.ehsan10@gmail.com
2024-05-07 16:10:13 [info]: Signin attempt for email: ahmed.ehsan10@gmail.com
2024-05-07 16:10:13 [info]: User signed in successfully for email: ahmed.ehsan10@gmail.com
2024-05-07 16:15:34 [info]: Signin attempt for email: ahmed.ehsan6@gmail.com
2024-05-07 16:15:34 [info]: User doesn't exist for email: ahmed.ehsan6@gmail.com
2024-05-07 16:15:35 [info]: Signin attempt for email: ahmed.ehsan6@gmail.com
2024-05-07 16:15:35 [info]: User doesn't exist for email: ahmed.ehsan6@gmail.com
2024-05-07 16:15:39 [info]: Signin attempt for email: ahmed.ehsan11@gmail.com
2024-05-07 16:15:39 [info]: User signed in successfully for email: ahmed.ehsan11@gmail.com
2024-05-07 16:15:43 [info]: Signin attempt for email: ahmed.ehsan11@gmail.com
2024-05-07 16:15:43 [info]: Invalid credentials for email: ahmed.ehsan11@gmail.com
2024-05-07 16:17:41 [info]: Signin attempt for email: ahmed.ehsan6@gmail.com
2024-05-07 16:17:41 [info]: User doesn't exist for email: ahmed.ehsan6@gmail.com
2024-05-07 16:27:48 [info]: Signin attempt for email: ahmed.ehsan6@gmail.com
2024-05-07 16:27:48 [info]: User doesn't exist for email: ahmed.ehsan6@gmail.com
2024-05-07 16:27:50 [info]: Signin attempt for email: ahmed.ehsan6@gmail.com
2024-05-07 16:27:50 [info]: User doesn't exist for email: ahmed.ehsan6@gmail.com
2024-05-07 16:35:58 [info]: Signin attempt for email: ahmed.ehsan6@gmail.com
2024-05-07 16:35:58 [info]: User doesn't exist for email: ahmed.ehsan6@gmail.com
2024-05-07 16:36:21 [info]: Signin attempt for email: ahmed.ehsan6@gmail.com
2024-05-07 16:36:21 [info]: User doesn't exist for email: ahmed.ehsan6@gmail.com
2024-05-07 16:36:23 [info]: Signin attempt for email: ahmed.ehsan6@gmail.com
2024-05-07 16:36:23 [info]: User doesn't exist for email: ahmed.ehsan6@gmail.com
2024-05-07 16:36:24 [info]: Signin attempt for email: ahmed.ehsan6@gmail.com
2024-05-07 16:36:24 [info]: User doesn't exist for email: ahmed.ehsan6@gmail.com
2024-05-07 16:36:24 [info]: Signin attempt for email: ahmed.ehsan6@gmail.com
2024-05-07 16:36:24 [info]: User doesn't exist for email: ahmed.ehsan6@gmail.com
2024-05-07 16:36:24 [info]: Signin attempt for email: ahmed.ehsan6@gmail.com
2024-05-07 16:36:24 [info]: User doesn't exist for email: ahmed.ehsan6@gmail.com
2024-05-07 16:36:32 [info]: Signin attempt for email: ahmed.ehsan10@gmail.com
2024-05-07 16:36:32 [info]: User signed in successfully for email: ahmed.ehsan10@gmail.com
2024-05-07 16:36:35 [info]: Signin attempt for email: ahmed.ehsan10@gmail.com
2024-05-07 16:36:35 [info]: User signed in successfully for email: ahmed.ehsan10@gmail.com
2024-05-07 16:51:04 [info]: Signin attempt for email: ahmed.ehsan6@gmail.com
2024-05-07 16:51:04 [info]: User doesn't exist for email: ahmed.ehsan6@gmail.com
2024-05-07 16:52:14 [info]: Connected to Redis
2024-05-07 16:52:14 [info]: Database connected successfully
2024-05-07 16:52:14 [info]: Server running on port = 8000
2024-05-07 17:14:55 [info]: Connected to Redis
2024-05-07 17:25:44 [info]: Connected to Redis
2024-05-07 17:25:44 [info]: Database connected successfully
2024-05-07 17:25:44 [info]: Server running on port = 8000
2024-05-07 17:30:23 [info]: Signin attempt for email: ahmed.ehsan10@gmail.com
2024-05-07 17:30:24 [info]: User signed in successfully for email: ahmed.ehsan10@gmail.com
2024-05-07 17:31:57 [info]: Signin attempt for email: ahmed.ehsan6@gmail.com
2024-05-07 17:31:57 [info]: User signed in successfully for email: ahmed.ehsan6@gmail.com
2024-05-07 17:32:20 [info]: Signin attempt for email: ahmed.ehsan6@gmail.com
2024-05-07 17:32:20 [info]: User signed in successfully for email: ahmed.ehsan6@gmail.com
2024-05-07 17:33:33 [info]: Signin attempt for email: ahmed.ehsan10@gmail.com
2024-05-07 17:33:33 [info]: User signed in successfully for email: ahmed.ehsan10@gmail.com
2024-05-07 17:48:13 [info]: Connected to Redis
2024-05-07 17:48:13 [info]: Database connected successfully
2024-05-07 17:48:13 [info]: Server running on port = 8000
2024-05-07 17:48:15 [info]: Connected to Redis
2024-05-07 17:48:15 [info]: Database connected successfully
2024-05-07 17:48:15 [info]: Server running on port = 8000
2024-05-07 17:48:19 [info]: Connected to Redis
2024-05-07 17:48:19 [info]: Database connected successfully
2024-05-07 17:48:19 [info]: Server running on port = 8000
2024-05-07 17:48:36 [info]: Connected to Redis
2024-05-07 17:48:36 [info]: Database connected successfully
2024-05-07 17:48:36 [info]: Server running on port = 8000
2024-05-07 17:48:38 [info]: Connected to Redis
2024-05-07 17:48:38 [info]: Database connected successfully
2024-05-07 17:48:38 [info]: Server running on port = 8000
2024-05-07 18:04:11 [info]: Connected to Redis
2024-05-07 18:04:11 [info]: Database connected successfully
2024-05-07 18:04:11 [info]: Server running on port = 8000
2024-05-07 18:05:04 [info]: Connected to Redis
2024-05-07 18:05:04 [info]: Database connected successfully
2024-05-07 18:05:04 [info]: Server running on port = 8000
2024-05-07 18:05:32 [info]: Connected to Redis
2024-05-07 18:05:32 [info]: Database connected successfully
2024-05-07 18:05:32 [info]: Server running on port = 8000
2024-05-07 18:17:08 [info]: Connected to Redis
2024-05-07 18:17:08 [info]: Database connected successfully
2024-05-07 18:17:08 [info]: Server running on port = 8000
2024-05-07 18:17:21 [info]: Connected to Redis
2024-05-07 18:17:21 [info]: Database connected successfully
2024-05-07 18:17:21 [info]: Server running on port = 8000
2024-05-07 18:17:26 [info]: Connected to Redis
2024-05-07 18:17:26 [info]: Database connected successfully
2024-05-07 18:17:26 [info]: Server running on port = 8000
2024-05-07 18:18:32 [info]: Connected to Redis
2024-05-07 18:18:32 [info]: Database connected successfully
2024-05-07 18:18:32 [info]: Server running on port = 8000
2024-05-07 18:19:31 [info]: Connected to Redis
2024-05-07 18:19:31 [info]: Database connected successfully
2024-05-07 18:19:31 [info]: Server running on port = 8000
2024-05-07 18:23:07 [info]: Connected to Redis
2024-05-07 18:23:07 [info]: Database connected successfully
2024-05-07 18:23:07 [info]: Server running on port = 8000
2024-05-07 18:44:49 [info]: Signin attempt for email: ahmed.ehsan6@gmail.com
2024-05-07 18:44:49 [info]: User signed in successfully for email: ahmed.ehsan6@gmail.com
2024-05-07 19:24:31 [info]: Connected to Redis
2024-05-07 19:24:32 [info]: Database connected successfully
2024-05-07 19:24:32 [info]: Server running on port = 8000
2024-05-07 19:29:12 [info]: Signin attempt for email: ahmed.ehsan10@gmail.com
2024-05-07 19:29:12 [info]: User signed in successfully for email: ahmed.ehsan10@gmail.com
2024-05-07 19:40:19 [info]: Connected to Redis
2024-05-07 19:40:19 [info]: Database connected successfully
2024-05-07 19:40:19 [info]: Server running on port = 8000
2024-05-07 19:40:42 [info]: Connected to Redis
2024-05-07 19:40:42 [info]: Database connected successfully
2024-05-07 19:40:42 [info]: Server running on port = 8000
2024-05-07 19:43:01 [info]: Connected to Redis
2024-05-07 19:43:01 [info]: Database connected successfully
2024-05-07 19:43:01 [info]: Server running on port = 8000
2024-05-07 19:43:05 [info]: Signin attempt for email: ahmed.ehsan10@gmail.com
2024-05-07 19:43:05 [info]: User signed in successfully for email: ahmed.ehsan10@gmail.com
2024-05-07 19:46:17 [info]: Signin attempt for email: ahmed.ehsan10@gmail.com
2024-05-07 19:46:17 [info]: User signed in successfully for email: ahmed.ehsan10@gmail.com
2024-05-07 19:51:21 [info]: Connected to Redis
2024-05-07 19:51:21 [info]: Database connected successfully
2024-05-07 19:51:21 [info]: Server running on port = 8000
2024-05-07 20:05:48 [info]: Connected to Redis
2024-05-07 20:05:48 [info]: Database connected successfully
2024-05-07 20:05:48 [info]: Server running on port = 8000
2024-05-07 20:06:26 [info]: Connected to Redis
2024-05-07 20:06:26 [info]: Database connected successfully
2024-05-07 20:06:26 [info]: Server running on port = 8000
2024-05-07 20:06:30 [info]: Connected to Redis
2024-05-07 20:06:30 [info]: Database connected successfully
2024-05-07 20:06:30 [info]: Server running on port = 8000
2024-05-07 20:07:08 [info]: Connected to Redis
2024-05-07 20:07:08 [info]: Database connected successfully
2024-05-07 20:07:08 [info]: Server running on port = 8000
2024-05-07 20:07:26 [info]: Connected to Redis
2024-05-07 20:07:26 [info]: Database connected successfully
2024-05-07 20:07:26 [info]: Server running on port = 8000
2024-05-07 20:07:34 [info]: Connected to Redis
2024-05-07 20:07:34 [info]: Database connected successfully
2024-05-07 20:07:34 [info]: Server running on port = 8000
2024-05-07 20:08:22 [info]: Connected to Redis
2024-05-07 20:08:22 [info]: Database connected successfully
2024-05-07 20:08:22 [info]: Server running on port = 8000
2024-05-07 20:09:00 [info]: Connected to Redis
2024-05-07 20:09:00 [info]: Database connected successfully
2024-05-07 20:09:00 [info]: Server running on port = 8000
2024-05-07 20:09:02 [info]: Connected to Redis
2024-05-07 20:09:02 [info]: Database connected successfully
2024-05-07 20:09:02 [info]: Server running on port = 8000
2024-05-07 20:12:59 [info]: Connected to Redis
2024-05-07 20:12:59 [info]: Database connected successfully
2024-05-07 20:12:59 [info]: Server running on port = 8000
2024-05-07 20:13:49 [info]: Connected to Redis
2024-05-07 20:13:49 [info]: Database connected successfully
2024-05-07 20:13:49 [info]: Server running on port = 8000
2024-05-07 20:14:21 [info]: Connected to Redis
2024-05-07 20:14:21 [info]: Database connected successfully
2024-05-07 20:14:21 [info]: Server running on port = 8000
2024-05-07 20:14:38 [info]: Connected to Redis
2024-05-07 20:14:38 [info]: Database connected successfully
2024-05-07 20:14:38 [info]: Server running on port = 8000
2024-05-07 20:15:21 [info]: Connected to Redis
2024-05-07 20:15:21 [info]: Database connected successfully
2024-05-07 20:15:21 [info]: Server running on port = 8000
2024-05-07 20:16:53 [info]: Connected to Redis
2024-05-07 20:16:53 [info]: Database connected successfully
2024-05-07 20:16:53 [info]: Server running on port = 8000
2024-05-07 20:17:34 [info]: Connected to Redis
2024-05-07 20:17:34 [info]: Database connected successfully
2024-05-07 20:17:34 [info]: Server running on port = 8000
2024-05-07 20:17:35 [info]: Connected to Redis
2024-05-07 20:17:35 [info]: Database connected successfully
2024-05-07 20:17:35 [info]: Server running on port = 8000
2024-05-07 20:18:05 [info]: Connected to Redis
2024-05-07 20:18:05 [info]: Database connected successfully
2024-05-07 20:18:05 [info]: Server running on port = 8000
2024-05-07 20:19:23 [info]: Connected to Redis
2024-05-07 20:19:23 [info]: Database connected successfully
2024-05-07 20:19:23 [info]: Server running on port = 8000
2024-05-07 20:20:57 [info]: Connected to Redis
2024-05-07 20:20:57 [info]: Database connected successfully
2024-05-07 20:20:57 [info]: Server running on port = 8000
2024-05-07 20:21:07 [info]: Connected to Redis
2024-05-07 20:21:07 [info]: Database connected successfully
2024-05-07 20:21:07 [info]: Server running on port = 8000
2024-05-07 20:21:26 [info]: Connected to Redis
2024-05-07 20:21:26 [info]: Database connected successfully
2024-05-07 20:21:26 [info]: Server running on port = 8000
2024-05-07 20:21:31 [info]: Connected to Redis
2024-05-07 20:21:31 [info]: Database connected successfully
2024-05-07 20:21:31 [info]: Server running on port = 8000
2024-05-07 20:22:58 [info]: Connected to Redis
2024-05-07 20:22:58 [info]: Database connected successfully
2024-05-07 20:22:58 [info]: Server running on port = 8000
2024-05-07 20:24:03 [info]: Connected to Redis
2024-05-07 20:24:03 [info]: Database connected successfully
2024-05-07 20:24:03 [info]: Server running on port = 8000
2024-05-07 20:26:21 [info]: Connected to Redis
2024-05-07 20:26:21 [info]: Database connected successfully
2024-05-07 20:26:21 [info]: Server running on port = 8000
2024-05-07 20:26:22 [info]: Signin attempt for email: ahmed.ehsan11@gmail.com
2024-05-07 20:26:22 [info]: User signed in successfully for email: ahmed.ehsan11@gmail.com
2024-05-07 20:26:36 [info]: Connected to Redis
2024-05-07 20:26:36 [info]: Database connected successfully
2024-05-07 20:26:36 [info]: Server running on port = 8000
2024-05-07 20:26:40 [info]: Connected to Redis
2024-05-07 20:26:40 [info]: Database connected successfully
2024-05-07 20:26:40 [info]: Server running on port = 8000
2024-05-07 20:29:40 [info]: Connected to Redis
2024-05-07 20:29:40 [info]: Database connected successfully
2024-05-07 20:29:40 [info]: Server running on port = 8000
2024-05-07 20:30:32 [info]: Connected to Redis
2024-05-07 20:30:32 [info]: Database connected successfully
2024-05-07 20:30:32 [info]: Server running on port = 8000
2024-05-07 20:30:39 [info]: Connected to Redis
2024-05-07 20:30:39 [info]: Database connected successfully
2024-05-07 20:30:39 [info]: Server running on port = 8000
2024-05-07 20:32:02 [info]: Connected to Redis
2024-05-07 20:32:02 [info]: Database connected successfully
2024-05-07 20:32:02 [info]: Server running on port = 8000
2024-05-07 20:33:09 [info]: Connected to Redis
2024-05-07 20:33:09 [info]: Database connected successfully
2024-05-07 20:33:09 [info]: Server running on port = 8000
2024-05-07 20:33:58 [info]: Connected to Redis
2024-05-07 20:33:58 [info]: Database connected successfully
2024-05-07 20:33:58 [info]: Server running on port = 8000
2024-05-07 20:35:24 [info]: Connected to Redis
2024-05-07 20:35:24 [info]: Database connected successfully
2024-05-07 20:35:24 [info]: Server running on port = 8000
2024-05-07 20:35:24 [info]: Signin attempt for email: ahmed.ehsan10@gmail.com
2024-05-07 20:35:24 [info]: User signed in successfully for email: ahmed.ehsan10@gmail.com
2024-05-07 20:36:13 [info]: Connected to Redis
2024-05-07 20:36:13 [info]: Database connected successfully
2024-05-07 20:36:13 [info]: Server running on port = 8000
2024-05-07 20:39:37 [info]: Connected to Redis
2024-05-07 20:39:37 [info]: Database connected successfully
2024-05-07 20:39:37 [info]: Server running on port = 8000
2024-05-07 20:39:53 [info]: Connected to Redis
2024-05-07 20:39:53 [info]: Database connected successfully
2024-05-07 20:39:53 [info]: Server running on port = 8000
2024-05-07 20:42:58 [info]: Connected to Redis
2024-05-07 20:42:58 [info]: Database connected successfully
2024-05-07 20:42:58 [info]: Server running on port = 8000
2024-05-07 20:44:55 [info]: Connected to Redis
2024-05-07 20:44:55 [info]: Database connected successfully
2024-05-07 20:44:55 [info]: Server running on port = 8000
2024-05-07 20:45:59 [info]: Connected to Redis
2024-05-07 20:45:59 [info]: Database connected successfully
2024-05-07 20:45:59 [info]: Server running on port = 8000
2024-05-07 21:02:27 [info]: Connected to Redis
2024-05-07 21:02:27 [info]: Database connected successfully
2024-05-07 21:02:27 [info]: Server running on port = 8000
2024-05-07 21:02:29 [info]: Signin attempt for email: ahmed.ehsan10@gmail.com
2024-05-07 21:02:29 [info]: User signed in successfully for email: ahmed.ehsan10@gmail.com
2024-05-07 21:02:45 [info]: Connected to Redis
2024-05-07 21:02:45 [info]: Database connected successfully
2024-05-07 21:02:45 [info]: Server running on port = 8000
2024-05-07 21:02:46 [info]: Signin attempt for email: ahmed.ehsan11@gmail.com
2024-05-07 21:02:46 [info]: User signed in successfully for email: ahmed.ehsan11@gmail.com
2024-05-07 21:03:21 [info]: Connected to Redis
2024-05-07 21:03:21 [info]: Database connected successfully
2024-05-07 21:03:21 [info]: Server running on port = 8000
2024-05-07 21:03:22 [info]: Signin attempt for email: ahmed.ehsan10@gmail.com
2024-05-07 21:03:22 [info]: User signed in successfully for email: ahmed.ehsan10@gmail.com
2024-05-07 21:16:23 [info]: Signin attempt for email: ahmed.ehsan10@gmail.com
2024-05-07 21:16:23 [info]: User signed in successfully for email: ahmed.ehsan10@gmail.com
2024-05-07 21:17:26 [info]: Signin attempt for email: ahmed.ehsan10@gmail.com
2024-05-07 21:17:26 [info]: User signed in successfully for email: ahmed.ehsan10@gmail.com
2024-05-07 21:21:30 [info]: Database connected successfully
2024-05-07 21:21:30 [info]: Server running on port = 8000
2024-05-07 21:21:30 [info]: Connected to Redis
2024-05-07 21:21:31 [info]: Signin attempt for email: ahmed.ehsan10@gmail.com
2024-05-07 21:21:31 [info]: User signed in successfully for email: ahmed.ehsan10@gmail.com
2024-05-07 21:22:17 [info]: Connected to Redis
2024-05-07 21:22:17 [info]: Database connected successfully
2024-05-07 21:22:17 [info]: Server running on port = 8000
2024-05-07 21:22:17 [info]: Signin attempt for email: ahmed.ehsan10@gmail.com
2024-05-07 21:22:17 [info]: User signed in successfully for email: ahmed.ehsan10@gmail.com
2024-05-07 21:23:29 [info]: Connected to Redis
2024-05-07 21:23:29 [info]: Database connected successfully
2024-05-07 21:23:29 [info]: Server running on port = 8000
2024-05-07 21:25:00 [info]: Connected to Redis
2024-05-07 21:25:00 [info]: Database connected successfully
2024-05-07 21:25:00 [info]: Server running on port = 8000
2024-05-07 21:26:16 [info]: Connected to Redis
2024-05-07 21:26:16 [info]: Database connected successfully
2024-05-07 21:26:16 [info]: Server running on port = 8000
2024-05-07 21:27:57 [info]: Signin attempt for email: ahmed.ehsan10@gmail.com
2024-05-07 21:27:57 [info]: User signed in successfully for email: ahmed.ehsan10@gmail.com
