2024-05-06 20:19:42 [error]: Update user error for id: 65fc6fbb3c62eda193862187 Cannot access 'updatedUser' before initialization
2024-05-06 20:20:00 [error]: Update user error for id: 65fc6fbb3c62eda193862187 Cannot access 'updatedUser' before initialization
2024-05-06 20:23:09 [error]: Update user error for id: 65fc6fbb3c62eda193862187 Cannot access 'updatedUser' before initialization
2024-05-08 19:13:03 [error]: Update user error for id: 663b79483b1a16c883c6916b Cannot access 'updatedUser' before initialization
2024-05-08 19:13:47 [error]: Update user error for id: 663b79483b1a16c883c6916b Cannot access 'updatedUser' before initialization
2024-05-08 19:14:15 [error]: Update user error for id: 663b79483b1a16c883c6916b Cannot read properties of undefined (reading 'originalname')
2024-05-08 19:20:36 [error]: No such object: forge_md/profile_pics/663b79283b1a16c883c69166/Screenshot from 2024-05-04 23-10-29.png
2024-05-08 19:20:37 [error]: No such object: forge_md/profile_pics/663b79283b1a16c883c69166/Screenshot from 2024-05-04 23-10-29.png
2024-05-08 19:22:58 [error]: No such object: forge_md/profile_pics/663b79283b1a16c883c69166/Screenshot from 2024-05-04 23-10-29.png
2024-05-08 19:23:25 [error]: No such object: forge_md/profile_pics/663b79283b1a16c883c69166/Screenshot from 2024-05-04 23-10-29.png
2024-05-08 19:23:26 [error]: No such object: forge_md/profile_pics/663b79283b1a16c883c69166/Screenshot from 2024-05-04 23-10-29.png
2024-05-08 19:23:47 [error]: No such object: forge_md/profile_pics/663b79283b1a16c883c69166/
2024-05-08 19:24:02 [error]: Update user error for id: 663b79283b1a16c883c69166 Cannot read properties of undefined (reading 'split')
2024-05-08 19:25:14 [error]: Update user error for id: 663b79283b1a16c883c69166 First argument to `Model` constructor must be an object, **not** a string. Make sure you're calling `mongoose.model()`, not `mongoose.Model()`.
2024-05-08 19:33:22 [error]: No such object: forge_md/profile_pic/663b79283b1a16c883c69166/cyberpunk_background__16_9_ratio__by_pazuah_dfefgoc.jpg
2024-05-08 19:34:32 [error]: No such object: forge_md/profile_pic/663b7f4360767790a3e8998a/Screenshot from 2024-05-04 23-10-29.png
2024-05-08 19:35:48 [error]: No such object: forge_md/profile_pic/663b7f9e60767790a3e89993/Screenshot from 2024-05-04 23-10-29.png
2024-05-08 19:36:31 [error]: No such object: forge_md/profile_pic/663b7fd360767790a3e8999c/con.jpg
2024-05-08 19:45:58 [error]: Signin error for email: ahme2d@gmail.com os is not defined
2024-05-08 19:46:15 [error]: No such object: forge_md/profile_pic/663b81e8a3f43c55ffc58bab/https://storage.googleapis.com/forge_md/profile_pics/663b81e8a3f43c55ffc58bab/con.jpg
2024-05-08 19:47:01 [error]: No such object: forge_md/profile_pics/663b81e8a3f43c55ffc58bab/https://storage.googleapis.com/forge_md/profile_pics/663b81e8a3f43c55ffc58bab/con.jpg
2024-05-08 19:47:54 [error]: Signin error for email: ahme2d@gmail.com imageData is not defined
2024-05-08 19:48:46 [error]: The billing account for the owning project is disabled in state closed
2024-05-08 19:55:01 [error]: Signin error for email: ahmed.ehsan6666@gmail.com logger is not a function
2024-05-08 19:57:06 [error]: Signin error for email: ahme2d@gmail.com result is not defined
2024-05-08 20:02:35 [error]: Signin error for email: ahmed.ehsan11@gmail.com Cannot read properties of null (reading 'split')
2024-05-08 20:02:38 [error]: Signin error for email: ahmed.ehsan11@gmail.com Cannot read properties of null (reading 'split')
2024-05-08 20:04:45 [error]: Signin error for email: ahmed.ehsan11@gmail.com Cannot read properties of null (reading 'split')
