Time: 5/6/2024, 5:22:50 PM, Method: POST, URL: /user/signup, Status: 400
Time: 5/6/2024, 5:23:01 PM, Method: POST, URL: /user/signup, Status: 201
Time: 5/6/2024, 5:26:15 PM, Method: POST, URL: /note/create, Status: 404
Time: 5/6/2024, 5:28:12 PM, Method: POST, URL: /note/create, Status: 500
Time: 5/6/2024, 5:28:24 PM, Method: POST, URL: /note/create, Status: 500
Time: 5/6/2024, 5:28:39 PM, Method: POST, URL: /note/create, Status: 500
Time: 5/6/2024, 5:28:54 PM, Method: POST, URL: /note/create, Status: 400
Time: 5/6/2024, 5:30:39 PM, Method: POST, URL: /note/create, Status: 400
Time: 5/6/2024, 5:33:02 PM, Method: POST, URL: /note/create, Status: 400
Time: 5/6/2024, 5:34:50 PM, Method: POST, URL: /note/create, Status: 400
Time: 5/6/2024, 5:38:30 PM, Method: POST, URL: /note/create, Status: 500
Time: 5/6/2024, 5:38:41 PM, Method: POST, URL: /note/create, Status: 500
Time: 5/6/2024, 5:38:46 PM, Method: POST, URL: /note/create, Status: 500
Time: 5/6/2024, 5:39:06 PM, Method: POST, URL: /note/create, Status: 400
Time: 5/6/2024, 7:22:16 PM, Method: POST, URL: /note/create, Status: 400
Time: 5/6/2024, 7:25:37 PM, Method: POST, URL: /note/create, Status: 400
Time: 5/6/2024, 7:28:53 PM, Method: POST, URL: /note/create, Status: 403
Time: 5/6/2024, 7:30:31 PM, Method: POST, URL: /note/create, Status: 403
Time: 5/6/2024, 7:32:03 PM, Method: POST, URL: /note/create, Status: 403
Time: 5/6/2024, 7:37:26 PM, Method: POST, URL: /note/create, Status: 500
Time: 5/6/2024, 7:38:09 PM, Method: POST, URL: /note/create, Status: 200
Time: 5/6/2024, 7:39:38 PM, Method: POST, URL: /note/create, Status: 500
Time: 5/6/2024, 7:41:00 PM, Method: POST, URL: /note/create, Status: 500
Time: 5/6/2024, 7:41:57 PM, Method: POST, URL: /note/create, Status: 200
Time: 5/6/2024, 7:42:46 PM, Method: POST, URL: /note/create, Status: 200
Time: 5/6/2024, 7:44:41 PM, Method: POST, URL: /note/create, Status: 500
Time: 5/6/2024, 7:47:36 PM, Method: POST, URL: /note/create, Status: 200
Time: 5/6/2024, 7:53:40 PM, Method: POST, URL: /user/signin, Status: 200
Time: 5/6/2024, 7:53:56 PM, Method: POST, URL: /note/create, Status: 200
Time: 5/6/2024, 7:54:40 PM, Method: POST, URL: /note/create, Status: 200
Time: 5/6/2024, 7:54:57 PM, Method: POST, URL: /note/create, Status: 200
Time: 5/6/2024, 7:55:24 PM, Method: POST, URL: /note/create, Status: 200
Time: 5/6/2024, 7:57:06 PM, Method: POST, URL: /note/create, Status: 200
Time: 5/6/2024, 7:57:17 PM, Method: POST, URL: /note/create, Status: 200
Time: 5/6/2024, 7:58:39 PM, Method: POST, URL: /note/create, Status: 200
Time: 5/6/2024, 8:01:41 PM, Method: POST, URL: /note/create, Status: 200
Time: 5/6/2024, 8:02:23 PM, Method: POST, URL: /note/create, Status: 401
Time: 5/6/2024, 8:02:28 PM, Method: POST, URL: /user/signin, Status: 200
Time: 5/6/2024, 8:02:36 PM, Method: POST, URL: /note/create, Status: 200
Time: 5/6/2024, 8:02:59 PM, Method: GET, URL: /note/get, Status: 200
Time: 5/6/2024, 8:03:47 PM, Method: GET, URL: /note/get, Status: 200
Time: 5/6/2024, 8:08:03 PM, Method: POST, URL: /note/create, Status: 200
Time: 5/6/2024, 8:09:54 PM, Method: POST, URL: /note/create, Status: 200
Time: 5/6/2024, 8:10:48 PM, Method: POST, URL: /note/create, Status: 200
Time: 5/6/2024, 8:12:07 PM, Method: POST, URL: /user/signup, Status: 201
Time: 5/6/2024, 8:12:12 PM, Method: POST, URL: /user/signin, Status: 200
Time: 5/6/2024, 8:12:18 PM, Method: GET, URL: /note/get, Status: 200
Time: 5/6/2024, 8:12:26 PM, Method: POST, URL: /user/signin, Status: 200
Time: 5/6/2024, 8:12:29 PM, Method: GET, URL: /note/get, Status: 200
Time: 5/6/2024, 8:19:42 PM, Method: PATCH, URL: /user/65fc6fbb3c62eda193862187, Status: 500
Time: 5/6/2024, 8:20:00 PM, Method: PATCH, URL: /user/65fc6fbb3c62eda193862187, Status: 500
Time: 5/6/2024, 8:23:09 PM, Method: PATCH, URL: /user/65fc6fbb3c62eda193862187, Status: 500
Time: 5/6/2024, 8:23:56 PM, Method: GET, URL: /note/get, Status: 200
Time: 5/6/2024, 10:04:59 PM, Method: POST, URL: /note/create, Status: 401
Time: 5/6/2024, 10:05:04 PM, Method: POST, URL: /user/signin, Status: 200
Time: 5/6/2024, 10:15:35 PM, Method: POST, URL: /note/create, Status: 200
Time: 5/6/2024, 10:16:03 PM, Method: POST, URL: /user/signin, Status: 200
Time: 5/6/2024, 10:16:07 PM, Method: POST, URL: /note/create, Status: 200
Time: 5/6/2024, 10:18:36 PM, Method: POST, URL: /note/create, Status: 200
Time: 5/6/2024, 10:20:34 PM, Method: POST, URL: /note/create, Status: 200
Time: 5/6/2024, 10:21:47 PM, Method: POST, URL: /note/create, Status: 200
Time: 5/6/2024, 10:22:43 PM, Method: POST, URL: /note/create, Status: 200
Time: 5/6/2024, 10:24:16 PM, Method: POST, URL: /user/signin, Status: 200
Time: 5/6/2024, 10:24:17 PM, Method: POST, URL: /user/signin, Status: 200
Time: 5/6/2024, 10:24:26 PM, Method: POST, URL: /note/create, Status: 200
Time: 5/6/2024, 10:25:53 PM, Method: POST, URL: /note/create, Status: 200
Time: 5/7/2024, 2:23:20 PM, Method: GET, URL: /note/get, Status: 401
Time: 5/7/2024, 2:23:24 PM, Method: POST, URL: /user/signin, Status: 200
Time: 5/7/2024, 2:23:27 PM, Method: GET, URL: /note/get, Status: 200
Time: 5/7/2024, 2:23:53 PM, Method: GET, URL: /note/get, Status: 200
Time: 5/7/2024, 2:25:02 PM, Method: GET, URL: /note/update?id, Status: 404
Time: 5/7/2024, 2:25:51 PM, Method: GET, URL: /note/update?id=6638e44330ac99871e4edb6d, Status: 404
Time: 5/7/2024, 2:25:55 PM, Method: PUT, URL: /note/update?id=6638e44330ac99871e4edb6d, Status: 404
Time: 5/7/2024, 2:29:06 PM, Method: PUT, URL: /note/update/6638e44330ac99871e4edb6d, Status: 200
Time: 5/7/2024, 2:31:07 PM, Method: PUT, URL: /note/update/6638e44330ac99871e4edb6d, Status: 200
Time: 5/7/2024, 2:31:26 PM, Method: PUT, URL: /note/update/6638e44330ac99871e4edb6d, Status: 200
Time: 5/7/2024, 2:32:13 PM, Method: PUT, URL: /note/update/6638e44330ac99871e4edb6d, Status: 200
Time: 5/7/2024, 2:32:52 PM, Method: PUT, URL: /note/update/6638e44330ac99871e4edb6d, Status: 200
Time: 5/7/2024, 2:33:32 PM, Method: PUT, URL: /note/update/6638e44330ac99871e4edb6d, Status: 200
Time: 5/7/2024, 2:36:09 PM, Method: PUT, URL: /note/update/6638e44330ac99871e4edb6d, Status: 200
Time: 5/7/2024, 2:36:17 PM, Method: PUT, URL: /note/update/6638e44330ac99871e4edb6d, Status: 200
Time: 5/7/2024, 2:36:42 PM, Method: PUT, URL: /note/update/6638e44330ac99871e4edb6d, Status: 200
Time: 5/7/2024, 2:37:41 PM, Method: GET, URL: /note/delete/6638e44330ac99871e4edb6d, Status: 404
Time: 5/7/2024, 2:41:39 PM, Method: DELETE, URL: /note/delete/6638e44330ac99871e4edb6d, Status: 400
Time: 5/7/2024, 2:41:49 PM, Method: DELETE, URL: /note/delete/6638e44330ac99871e4edb6d, Status: 400
Time: 5/7/2024, 2:41:51 PM, Method: DELETE, URL: /note/delete/6638e44330ac99871e4edb6d, Status: 400
Time: 5/7/2024, 2:43:42 PM, Method: DELETE, URL: /note/delete/6638e44330ac99871e4edb6d, Status: 400
Time: 5/7/2024, 2:46:08 PM, Method: DELETE, URL: /note/delete/6638e44330ac99871e4edb6d, Status: 400
Time: 5/7/2024, 2:47:11 PM, Method: DELETE, URL: /note/delete/6638e44330ac99871e4edb6d, Status: 400
Time: 5/7/2024, 2:47:56 PM, Method: DELETE, URL: /note/delete/6638e44330ac99871e4edb6d, Status: 400
Time: 5/7/2024, 2:48:07 PM, Method: DELETE, URL: /note/delete/6638e44330ac99871e4edb6d, Status: 400
Time: 5/7/2024, 2:52:25 PM, Method: POST, URL: /note/create, Status: 200
Time: 5/7/2024, 2:52:38 PM, Method: PUT, URL: /note/update/6639ebc91fd428a0d735994f, Status: 200
Time: 5/7/2024, 2:53:47 PM, Method: POST, URL: /note/create, Status: 200
Time: 5/7/2024, 2:54:07 PM, Method: PUT, URL: /note/update/6639ebc91fd428a0d735994f, Status: 500
Time: 5/7/2024, 2:54:28 PM, Method: PUT, URL: /note/update/6639ec1b1c02efcf1efbb92b, Status: 200
Time: 5/7/2024, 2:54:40 PM, Method: DELETE, URL: /note/delete/6639ec1b1c02efcf1efbb92b, Status: 200
Time: 5/7/2024, 3:05:16 PM, Method: DELETE, URL: /note/delete/6639ec1b1c02efcf1efbb92b, Status: 404
Time: 5/7/2024, 3:05:21 PM, Method: GET, URL: /note/get, Status: 200
Time: 5/7/2024, 4:04:24 PM, Method: POST, URL: /api/user/signin, Status: 404
Time: 5/7/2024, 4:06:06 PM, Method: POST, URL: /api/user/signin, Status: 404
Time: 5/7/2024, 4:06:15 PM, Method: POST, URL: /api/user/signin, Status: 404
Time: 5/7/2024, 4:08:00 PM, Method: POST, URL: /api/user/signin, Status: 404
Time: 5/7/2024, 4:08:40 PM, Method: POST, URL: /api/user/signin, Status: 404
Time: 5/7/2024, 4:08:43 PM, Method: POST, URL: /api/user/signin, Status: 404
Time: 5/7/2024, 4:08:49 PM, Method: POST, URL: /api/user/signin, Status: 404
Time: 5/7/2024, 4:09:15 PM, Method: POST, URL: /user/signin, Status: 200
Time: 5/7/2024, 4:09:19 PM, Method: POST, URL: /user/signin, Status: 200
Time: 5/7/2024, 4:10:10 PM, Method: POST, URL: /user/signin, Status: 200
Time: 5/7/2024, 4:10:11 PM, Method: POST, URL: /user/signin, Status: 200
Time: 5/7/2024, 4:10:11 PM, Method: POST, URL: /user/signin, Status: 200
Time: 5/7/2024, 4:10:11 PM, Method: POST, URL: /user/signin, Status: 200
Time: 5/7/2024, 4:10:11 PM, Method: POST, URL: /user/signin, Status: 200
Time: 5/7/2024, 4:10:11 PM, Method: POST, URL: /user/signin, Status: 200
Time: 5/7/2024, 4:10:12 PM, Method: POST, URL: /user/signin, Status: 200
Time: 5/7/2024, 4:10:12 PM, Method: POST, URL: /user/signin, Status: 200
Time: 5/7/2024, 4:10:12 PM, Method: POST, URL: /user/signin, Status: 200
Time: 5/7/2024, 4:10:12 PM, Method: POST, URL: /user/signin, Status: 200
Time: 5/7/2024, 4:10:12 PM, Method: POST, URL: /user/signin, Status: 200
Time: 5/7/2024, 4:10:12 PM, Method: POST, URL: /user/signin, Status: 200
Time: 5/7/2024, 4:10:13 PM, Method: POST, URL: /user/signin, Status: 200
Time: 5/7/2024, 4:10:13 PM, Method: POST, URL: /user/signin, Status: 200
Time: 5/7/2024, 4:15:34 PM, Method: POST, URL: /user/signin, Status: 404
Time: 5/7/2024, 4:15:35 PM, Method: POST, URL: /user/signin, Status: 404
Time: 5/7/2024, 4:15:39 PM, Method: POST, URL: /user/signin, Status: 200
Time: 5/7/2024, 4:15:43 PM, Method: POST, URL: /user/signin, Status: 400
Time: 5/7/2024, 4:17:41 PM, Method: POST, URL: /user/signin, Status: 404
Time: 5/7/2024, 4:27:48 PM, Method: POST, URL: /user/signin, Status: 404
Time: 5/7/2024, 4:27:50 PM, Method: POST, URL: /user/signin, Status: 404
Time: 5/7/2024, 4:35:58 PM, Method: POST, URL: /user/signin, Status: 404
Time: 5/7/2024, 4:36:21 PM, Method: POST, URL: /user/signin, Status: 404
Time: 5/7/2024, 4:36:23 PM, Method: POST, URL: /user/signin, Status: 404
Time: 5/7/2024, 4:36:24 PM, Method: POST, URL: /user/signin, Status: 404
Time: 5/7/2024, 4:36:24 PM, Method: POST, URL: /user/signin, Status: 404
Time: 5/7/2024, 4:36:24 PM, Method: POST, URL: /user/signin, Status: 404
Time: 5/7/2024, 4:36:32 PM, Method: POST, URL: /user/signin, Status: 200
Time: 5/7/2024, 4:36:35 PM, Method: POST, URL: /user/signin, Status: 200
Time: 5/7/2024, 4:51:04 PM, Method: POST, URL: /user/signin, Status: 404
Time: 5/7/2024, 4:52:47 PM, Method: POST, URL: /users/signup, Status: 404
Time: 5/7/2024, 4:53:07 PM, Method: POST, URL: /user/signup, Status: 201
Time: 5/7/2024, 4:55:51 PM, Method: POST, URL: /user/signup, Status: 400
Time: 5/7/2024, 4:56:05 PM, Method: POST, URL: /user/signup, Status: 400
Time: 5/7/2024, 5:06:19 PM, Method: POST, URL: /user/signup, Status: 201
Time: 5/7/2024, 5:06:57 PM, Method: POST, URL: /user/signup, Status: 400
Time: 5/7/2024, 5:07:36 PM, Method: POST, URL: /user/signup, Status: 201
Time: 5/7/2024, 5:11:02 PM, Method: POST, URL: /user/signup, Status: 201
Time: 5/7/2024, 5:11:22 PM, Method: POST, URL: /user/signup, Status: 400
Time: 5/7/2024, 5:13:44 PM, Method: POST, URL: /user/signup, Status: 400
Time: 5/7/2024, 5:14:27 PM, Method: POST, URL: /user/signup, Status: 201
Time: 5/7/2024, 5:30:24 PM, Method: POST, URL: /user/signin, Status: 200
Time: 5/7/2024, 5:31:57 PM, Method: POST, URL: /user/signin, Status: 200
Time: 5/7/2024, 5:32:20 PM, Method: POST, URL: /user/signin, Status: 200
Time: 5/7/2024, 5:32:20 PM, Method: GET, URL: /user/verify-token, Status: 200
Time: 5/7/2024, 5:32:20 PM, Method: GET, URL: /user/notes, Status: 500
Time: 5/7/2024, 5:32:45 PM, Method: GET, URL: /note/get, Status: 200
Time: 5/7/2024, 5:32:48 PM, Method: GET, URL: /user/verify-token, Status: 304
Time: 5/7/2024, 5:32:49 PM, Method: GET, URL: /note/get, Status: 304
Time: 5/7/2024, 5:33:03 PM, Method: GET, URL: /user/verify-token, Status: 304
Time: 5/7/2024, 5:33:03 PM, Method: GET, URL: /note/get, Status: 304
Time: 5/7/2024, 5:33:33 PM, Method: POST, URL: /user/signin, Status: 200
Time: 5/7/2024, 5:33:33 PM, Method: GET, URL: /user/verify-token, Status: 304
Time: 5/7/2024, 5:33:33 PM, Method: GET, URL: /note/get, Status: 200
Time: 5/7/2024, 5:35:06 PM, Method: GET, URL: /note/get, Status: 304
Time: 5/7/2024, 5:35:09 PM, Method: GET, URL: /user/verify-token, Status: 304
Time: 5/7/2024, 5:35:09 PM, Method: GET, URL: /note/get, Status: 304
Time: 5/7/2024, 5:35:47 PM, Method: GET, URL: /user/verify-token, Status: 304
Time: 5/7/2024, 5:35:47 PM, Method: GET, URL: /note/get, Status: 304
Time: 5/7/2024, 5:37:09 PM, Method: GET, URL: /note/get, Status: 304
Time: 5/7/2024, 5:37:22 PM, Method: GET, URL: /note/get, Status: 304
Time: 5/7/2024, 5:37:30 PM, Method: GET, URL: /note/get, Status: 304
Time: 5/7/2024, 5:40:30 PM, Method: GET, URL: /user/verify-token, Status: 304
Time: 5/7/2024, 5:40:30 PM, Method: GET, URL: /note/get, Status: 304
Time: 5/7/2024, 5:41:14 PM, Method: GET, URL: /user/verify-token, Status: 304
Time: 5/7/2024, 5:41:14 PM, Method: GET, URL: /note/get, Status: 304
Time: 5/7/2024, 5:41:45 PM, Method: GET, URL: /user/verify-token, Status: 304
Time: 5/7/2024, 5:44:30 PM, Method: GET, URL: /note/get, Status: 304
Time: 5/7/2024, 5:44:30 PM, Method: GET, URL: /user/verify-token, Status: 304
Time: 5/7/2024, 5:44:30 PM, Method: GET, URL: /note/get, Status: 304
Time: 5/7/2024, 5:44:31 PM, Method: GET, URL: /user/verify-token, Status: 304
Time: 5/7/2024, 5:49:56 PM, Method: GET, URL: /user/verify-token, Status: 304
Time: 5/7/2024, 5:49:56 PM, Method: GET, URL: /note/get, Status: 304
Time: 5/7/2024, 5:49:56 PM, Method: GET, URL: /note/get, Status: 304
Time: 5/7/2024, 5:49:58 PM, Method: GET, URL: /user/verify-token, Status: 304
Time: 5/7/2024, 5:53:52 PM, Method: GET, URL: /user/verify-token, Status: 304
Time: 5/7/2024, 5:53:52 PM, Method: GET, URL: /note/get, Status: 304
Time: 5/7/2024, 5:53:52 PM, Method: GET, URL: /note/get, Status: 304
Time: 5/7/2024, 5:53:53 PM, Method: GET, URL: /user/verify-token, Status: 304
Time: 5/7/2024, 6:05:48 PM, Method: GET, URL: /user/verify-token, Status: 304
Time: 5/7/2024, 6:05:48 PM, Method: GET, URL: /note/get, Status: 304
Time: 5/7/2024, 6:05:48 PM, Method: GET, URL: /note/get, Status: 304
Time: 5/7/2024, 6:05:49 PM, Method: GET, URL: /user/verify-token, Status: 304
Time: 5/7/2024, 6:18:37 PM, Method: GET, URL: /note/get, Status: 304
Time: 5/7/2024, 6:18:37 PM, Method: GET, URL: /user/verify-token, Status: 304
Time: 5/7/2024, 6:18:37 PM, Method: GET, URL: /note/get, Status: 304
Time: 5/7/2024, 6:18:38 PM, Method: GET, URL: /user/verify-token, Status: 304
Time: 5/7/2024, 6:26:37 PM, Method: GET, URL: /user/verify-token, Status: 304
Time: 5/7/2024, 6:26:37 PM, Method: GET, URL: /note/get, Status: 304
Time: 5/7/2024, 6:26:38 PM, Method: GET, URL: /note/get, Status: 304
Time: 5/7/2024, 6:26:42 PM, Method: GET, URL: /user/verify-token, Status: 304
Time: 5/7/2024, 6:26:44 PM, Method: GET, URL: /user/verify-token, Status: 304
Time: 5/7/2024, 6:26:44 PM, Method: GET, URL: /note/get, Status: 304
Time: 5/7/2024, 6:26:44 PM, Method: GET, URL: /note/get, Status: 304
Time: 5/7/2024, 6:44:47 PM, Method: GET, URL: /user/verify-token, Status: 401
Time: 5/7/2024, 6:44:49 PM, Method: POST, URL: /user/signin, Status: 200
Time: 5/7/2024, 6:44:49 PM, Method: GET, URL: /user/verify-token, Status: 200
Time: 5/7/2024, 6:44:49 PM, Method: GET, URL: /note/get, Status: 200
Time: 5/7/2024, 7:28:53 PM, Method: GET, URL: /user/verify-token, Status: 304
Time: 5/7/2024, 7:28:53 PM, Method: GET, URL: /user/notes, Status: 500
Time: 5/7/2024, 7:29:06 PM, Method: GET, URL: /user/verify-token, Status: 401
Time: 5/7/2024, 7:29:12 PM, Method: POST, URL: /user/signin, Status: 200
Time: 5/7/2024, 7:29:12 PM, Method: GET, URL: /user/verify-token, Status: 200
Time: 5/7/2024, 7:29:12 PM, Method: GET, URL: /user/notes, Status: 500
Time: 5/7/2024, 7:29:42 PM, Method: GET, URL: /user/notes, Status: 500
Time: 5/7/2024, 7:29:46 PM, Method: GET, URL: /user/verify-token, Status: 304
Time: 5/7/2024, 7:29:46 PM, Method: GET, URL: /user/notes, Status: 500
Time: 5/7/2024, 7:31:14 PM, Method: GET, URL: /note/get, Status: 200
Time: 5/7/2024, 7:43:05 PM, Method: POST, URL: /user/signin, Status: 200
Time: 5/7/2024, 7:43:05 PM, Method: GET, URL: /user/verify-token, Status: 304
Time: 5/7/2024, 7:43:05 PM, Method: GET, URL: /note/get, Status: 304
Time: 5/7/2024, 7:45:14 PM, Method: GET, URL: /user/verify-token, Status: 304
Time: 5/7/2024, 7:45:14 PM, Method: GET, URL: /note/get, Status: 304
Time: 5/7/2024, 7:45:32 PM, Method: GET, URL: /user/verify-token, Status: 304
Time: 5/7/2024, 7:45:32 PM, Method: GET, URL: /note/get, Status: 304
Time: 5/7/2024, 7:46:17 PM, Method: POST, URL: /user/signin, Status: 200
Time: 5/7/2024, 7:46:17 PM, Method: GET, URL: /user/verify-token, Status: 304
Time: 5/7/2024, 7:46:17 PM, Method: GET, URL: /note/get, Status: 304
Time: 5/7/2024, 7:48:11 PM, Method: GET, URL: /note/get, Status: 304
Time: 5/7/2024, 7:48:28 PM, Method: GET, URL: /note/get, Status: 304
Time: 5/7/2024, 7:48:38 PM, Method: GET, URL: /note/get, Status: 304
Time: 5/7/2024, 7:49:09 PM, Method: GET, URL: /note/get, Status: 304
Time: 5/7/2024, 7:49:56 PM, Method: GET, URL: /user/verify-token, Status: 200
Time: 5/7/2024, 7:49:57 PM, Method: GET, URL: /note/get, Status: 304
Time: 5/7/2024, 7:51:46 PM, Method: GET, URL: /user/verify-token, Status: 304
Time: 5/7/2024, 7:51:47 PM, Method: GET, URL: /note/get, Status: 304
Time: 5/7/2024, 7:52:04 PM, Method: GET, URL: /user/verify-token, Status: 304
Time: 5/7/2024, 7:52:05 PM, Method: GET, URL: /note/get, Status: 304
Time: 5/7/2024, 7:55:09 PM, Method: GET, URL: /note/get, Status: 200
Time: 5/7/2024, 7:55:50 PM, Method: GET, URL: /note/get, Status: 304
Time: 5/7/2024, 7:56:21 PM, Method: GET, URL: /note/get, Status: 304
Time: 5/7/2024, 7:56:21 PM, Method: GET, URL: /note/get, Status: 304
Time: 5/7/2024, 7:56:22 PM, Method: GET, URL: /note/get, Status: 304
Time: 5/7/2024, 7:56:22 PM, Method: GET, URL: /note/get, Status: 304
Time: 5/7/2024, 7:56:38 PM, Method: GET, URL: /note/get, Status: 304
Time: 5/7/2024, 7:57:37 PM, Method: GET, URL: /note/get, Status: 304
Time: 5/7/2024, 7:59:14 PM, Method: GET, URL: /note/get, Status: 304
Time: 5/7/2024, 7:59:56 PM, Method: GET, URL: /user/verify-token, Status: 200
Time: 5/7/2024, 7:59:56 PM, Method: GET, URL: /note/get, Status: 304
Time: 5/7/2024, 8:00:28 PM, Method: GET, URL: /note/get, Status: 304
Time: 5/7/2024, 8:02:24 PM, Method: GET, URL: /note/get, Status: 304
Time: 5/7/2024, 8:03:24 PM, Method: GET, URL: /note/get, Status: 304
Time: 5/7/2024, 8:04:54 PM, Method: GET, URL: /note/get, Status: 304
Time: 5/7/2024, 8:05:05 PM, Method: GET, URL: /note/get, Status: 304
Time: 5/7/2024, 8:05:07 PM, Method: GET, URL: /get/file/663902275a9525d65e1c5ef1, Status: 404
Time: 5/7/2024, 8:05:24 PM, Method: GET, URL: /note/get, Status: 304
Time: 5/7/2024, 8:05:50 PM, Method: GET, URL: /get/file/663902475a9525d65e1c5ef5, Status: 404
Time: 5/7/2024, 8:06:28 PM, Method: GET, URL: /get/file/6638e4e8350e97c4a4302256, Status: 404
Time: 5/7/2024, 8:06:32 PM, Method: GET, URL: /get/file/663902275a9525d65e1c5ef1, Status: 404
Time: 5/7/2024, 8:07:29 PM, Method: GET, URL: /get/file/663902475a9525d65e1c5ef5, Status: 404
Time: 5/7/2024, 8:07:30 PM, Method: GET, URL: /get/file/663902475a9525d65e1c5ef5, Status: 404
Time: 5/7/2024, 8:07:52 PM, Method: GET, URL: /note/get, Status: 304
Time: 5/7/2024, 8:08:00 PM, Method: GET, URL: /get/file/663902475a9525d65e1c5ef5, Status: 404
Time: 5/7/2024, 8:08:07 PM, Method: GET, URL: /get/file/663902475a9525d65e1c5ef5, Status: 404
Time: 5/7/2024, 8:08:24 PM, Method: GET, URL: /get/file/663902475a9525d65e1c5ef5, Status: 404
Time: 5/7/2024, 8:09:04 PM, Method: GET, URL: /get/file/6638e4e8350e97c4a4302256, Status: 404
Time: 5/7/2024, 8:09:29 PM, Method: GET, URL: /get/file/663902475a9525d65e1c5ef5, Status: 404
Time: 5/7/2024, 8:11:13 PM, Method: GET, URL: /user/verify-token, Status: 304
Time: 5/7/2024, 8:11:14 PM, Method: GET, URL: /note/get, Status: 304
Time: 5/7/2024, 8:11:15 PM, Method: GET, URL: /get/file/6639039bd18e43b26f8e9b98, Status: 404
Time: 5/7/2024, 8:11:17 PM, Method: GET, URL: /get/file/6639039bd18e43b26f8e9b98, Status: 404
Time: 5/7/2024, 8:11:17 PM, Method: GET, URL: /get/file/6639039bd18e43b26f8e9b98, Status: 404
Time: 5/7/2024, 8:11:17 PM, Method: GET, URL: /get/file/6639039bd18e43b26f8e9b98, Status: 404
Time: 5/7/2024, 8:11:17 PM, Method: GET, URL: /get/file/6639039bd18e43b26f8e9b98, Status: 404
Time: 5/7/2024, 8:11:18 PM, Method: GET, URL: /get/file/6639039bd18e43b26f8e9b98, Status: 404
Time: 5/7/2024, 8:11:18 PM, Method: GET, URL: /get/file/6639039bd18e43b26f8e9b98, Status: 404
Time: 5/7/2024, 8:11:19 PM, Method: GET, URL: /get/file/6639039bd18e43b26f8e9b98, Status: 404
Time: 5/7/2024, 8:11:19 PM, Method: GET, URL: /get/file/6639039bd18e43b26f8e9b98, Status: 404
Time: 5/7/2024, 8:11:19 PM, Method: GET, URL: /get/file/6639039bd18e43b26f8e9b98, Status: 404
Time: 5/7/2024, 8:11:19 PM, Method: GET, URL: /get/file/6639039bd18e43b26f8e9b98, Status: 404
Time: 5/7/2024, 8:11:19 PM, Method: GET, URL: /get/file/6639039bd18e43b26f8e9b98, Status: 404
Time: 5/7/2024, 8:11:19 PM, Method: GET, URL: /get/file/6639039bd18e43b26f8e9b98, Status: 404
Time: 5/7/2024, 8:11:29 PM, Method: GET, URL: /get/file/663902dc5df21524210410ad, Status: 404
Time: 5/7/2024, 8:11:30 PM, Method: GET, URL: /get/file/663902dc5df21524210410ad, Status: 404
Time: 5/7/2024, 8:11:30 PM, Method: GET, URL: /get/file/663902dc5df21524210410ad, Status: 404
Time: 5/7/2024, 8:11:51 PM, Method: GET, URL: /note/get, Status: 304
Time: 5/7/2024, 8:11:53 PM, Method: GET, URL: /get/file/663902dc5df21524210410ad, Status: 404
Time: 5/7/2024, 8:12:01 PM, Method: GET, URL: /note/get, Status: 304
Time: 5/7/2024, 8:12:02 PM, Method: GET, URL: /get/file/663902dc5df21524210410ad, Status: 404
Time: 5/7/2024, 8:12:12 PM, Method: GET, URL: /note/get, Status: 304
Time: 5/7/2024, 8:12:12 PM, Method: GET, URL: /note/get, Status: 304
Time: 5/7/2024, 8:12:12 PM, Method: GET, URL: /note/get, Status: 304
Time: 5/7/2024, 8:12:12 PM, Method: GET, URL: /note/get, Status: 304
Time: 5/7/2024, 8:12:39 PM, Method: GET, URL: /get/file/663902475a9525d65e1c5ef5, Status: 404
Time: 5/7/2024, 8:12:40 PM, Method: GET, URL: /get/file/663902475a9525d65e1c5ef5, Status: 404
Time: 5/7/2024, 8:12:41 PM, Method: GET, URL: /get/file/663902475a9525d65e1c5ef5, Status: 404
Time: 5/7/2024, 8:12:41 PM, Method: GET, URL: /get/file/663902475a9525d65e1c5ef5, Status: 404
Time: 5/7/2024, 8:12:42 PM, Method: GET, URL: /get/file/663902475a9525d65e1c5ef5, Status: 404
Time: 5/7/2024, 8:12:43 PM, Method: GET, URL: /get/file/663902475a9525d65e1c5ef5, Status: 404
Time: 5/7/2024, 8:13:16 PM, Method: GET, URL: /note/get, Status: 200
Time: 5/7/2024, 8:13:21 PM, Method: GET, URL: /user/verify-token, Status: 304
Time: 5/7/2024, 8:13:21 PM, Method: GET, URL: /note/get, Status: 304
Time: 5/7/2024, 8:13:23 PM, Method: GET, URL: /note/get/file/663902275a9525d65e1c5ef1, Status: 401
Time: 5/7/2024, 8:13:51 PM, Method: GET, URL: /note/get/file/663902dc5df21524210410ad, Status: 401
Time: 5/7/2024, 8:13:55 PM, Method: GET, URL: /note/get/file/663903527930a4956f31cf15, Status: 401
Time: 5/7/2024, 8:14:23 PM, Method: GET, URL: /note/get/file/663902dc5df21524210410ad, Status: 401
Time: 5/7/2024, 8:14:25 PM, Method: GET, URL: /note/get/file/663902dc5df21524210410ad, Status: 401
Time: 5/7/2024, 8:26:22 PM, Method: POST, URL: /user/signin, Status: 200
Time: 5/7/2024, 8:26:22 PM, Method: GET, URL: /user/verify-token, Status: 304
Time: 5/7/2024, 8:26:22 PM, Method: GET, URL: /note/get, Status: 200
Time: 5/7/2024, 8:32:04 PM, Method: GET, URL: /note/get/file/6639ebc91fd428a0d735994f, Status: 200
Time: 5/7/2024, 8:32:22 PM, Method: GET, URL: /note/get/file/663904919c561e603f9dd233, Status: 200
Time: 5/7/2024, 8:32:34 PM, Method: GET, URL: /note/get/file/6639ebc91fd428a0d735994f, Status: 304
Time: 5/7/2024, 8:35:24 PM, Method: POST, URL: /user/signin, Status: 200
Time: 5/7/2024, 8:35:25 PM, Method: GET, URL: /user/verify-token, Status: 304
Time: 5/7/2024, 8:35:25 PM, Method: GET, URL: /note/get, Status: 200
Time: 5/7/2024, 8:39:42 PM, Method: GET, URL: /note/get/file/6638e4e8350e97c4a4302256, Status: 500
Time: 5/7/2024, 8:39:58 PM, Method: GET, URL: /note/get/file/6638e4b2350e97c4a4302253, Status: 500
Time: 5/7/2024, 8:43:04 PM, Method: GET, URL: /note/get/file/6638e4b2350e97c4a4302253, Status: 500
Time: 5/7/2024, 8:45:01 PM, Method: GET, URL: /note/get/file/6638e4b2350e97c4a4302253, Status: 200
Time: 5/7/2024, 8:45:11 PM, Method: GET, URL: /note/get/file/6638e4b2350e97c4a4302253, Status: 200
Time: 5/7/2024, 8:45:15 PM, Method: GET, URL: /note/get/file/6638e4b2350e97c4a4302253, Status: 200
Time: 5/7/2024, 8:45:16 PM, Method: GET, URL: /note/get/file/6638e4b2350e97c4a4302253, Status: 200
Time: 5/7/2024, 8:45:16 PM, Method: GET, URL: /note/get/file/6638e4b2350e97c4a4302253, Status: 200
Time: 5/7/2024, 8:45:16 PM, Method: GET, URL: /note/get/file/6638e4b2350e97c4a4302253, Status: 200
Time: 5/7/2024, 8:45:16 PM, Method: GET, URL: /note/get/file/6638e4b2350e97c4a4302253, Status: 200
Time: 5/7/2024, 8:45:33 PM, Method: GET, URL: /user/verify-token, Status: 200
Time: 5/7/2024, 8:45:33 PM, Method: GET, URL: /note/get, Status: 304
Time: 5/7/2024, 8:45:36 PM, Method: GET, URL: /note/get/file/6638e4b2350e97c4a4302253, Status: 200
Time: 5/7/2024, 8:45:38 PM, Method: GET, URL: /note/get/file/6638e4b2350e97c4a4302253, Status: 200
Time: 5/7/2024, 8:46:01 PM, Method: GET, URL: /note/get/file/6638e4b2350e97c4a4302253, Status: 200
Time: 5/7/2024, 8:46:26 PM, Method: GET, URL: /user/verify-token, Status: 304
Time: 5/7/2024, 8:46:26 PM, Method: GET, URL: /note/get, Status: 304
Time: 5/7/2024, 8:46:31 PM, Method: GET, URL: /note/get/file/6638e4b2350e97c4a4302253, Status: 200
Time: 5/7/2024, 8:49:36 PM, Method: GET, URL: /user/verify-token, Status: 200
Time: 5/7/2024, 8:49:36 PM, Method: GET, URL: /note/get, Status: 200
Time: 5/7/2024, 8:51:28 PM, Method: GET, URL: /note/get, Status: 304
Time: 5/7/2024, 8:51:32 PM, Method: GET, URL: /note/get, Status: 304
Time: 5/7/2024, 8:52:15 PM, Method: GET, URL: /note/get, Status: 304
Time: 5/7/2024, 8:59:17 PM, Method: GET, URL: /note/get, Status: 304
Time: 5/7/2024, 8:59:28 PM, Method: GET, URL: /note/get, Status: 304
Time: 5/7/2024, 9:00:04 PM, Method: GET, URL: /note/get, Status: 304
Time: 5/7/2024, 9:00:17 PM, Method: GET, URL: /note/get, Status: 304
Time: 5/7/2024, 9:02:08 PM, Method: GET, URL: /user/verify-token, Status: 304
Time: 5/7/2024, 9:02:29 PM, Method: POST, URL: /user/signin, Status: 200
Time: 5/7/2024, 9:02:29 PM, Method: GET, URL: /user/verify-token, Status: 304
Time: 5/7/2024, 9:02:46 PM, Method: POST, URL: /user/signin, Status: 200
Time: 5/7/2024, 9:02:46 PM, Method: GET, URL: /user/verify-token, Status: 304
Time: 5/7/2024, 9:03:22 PM, Method: POST, URL: /user/signin, Status: 200
Time: 5/7/2024, 9:03:22 PM, Method: GET, URL: /user/verify-token, Status: 304
Time: 5/7/2024, 9:03:22 PM, Method: GET, URL: /note/get, Status: 304
Time: 5/7/2024, 9:03:23 PM, Method: GET, URL: /user/verify-token, Status: 304
Time: 5/7/2024, 9:03:25 PM, Method: GET, URL: /note/get, Status: 304
Time: 5/7/2024, 9:03:25 PM, Method: GET, URL: /user/verify-token, Status: 304
Time: 5/7/2024, 9:03:25 PM, Method: GET, URL: /note/get, Status: 304
Time: 5/7/2024, 9:03:27 PM, Method: GET, URL: /user/verify-token, Status: 304
Time: 5/7/2024, 9:03:27 PM, Method: GET, URL: /note/get, Status: 304
Time: 5/7/2024, 9:03:31 PM, Method: GET, URL: /user/verify-token, Status: 304
Time: 5/7/2024, 9:04:16 PM, Method: GET, URL: /user/verify-token, Status: 304
Time: 5/7/2024, 9:05:59 PM, Method: GET, URL: /user/verify-token, Status: 304
Time: 5/7/2024, 9:05:59 PM, Method: GET, URL: /user/verify-token, Status: 304
Time: 5/7/2024, 9:06:02 PM, Method: GET, URL: /user/verify-token, Status: 304
Time: 5/7/2024, 9:06:09 PM, Method: GET, URL: /user/verify-token, Status: 304
Time: 5/7/2024, 9:06:09 PM, Method: GET, URL: /note/get, Status: 200
Time: 5/7/2024, 9:06:20 PM, Method: GET, URL: /user/verify-token, Status: 304
Time: 5/7/2024, 9:06:32 PM, Method: GET, URL: /user/verify-token, Status: 304
Time: 5/7/2024, 9:06:36 PM, Method: GET, URL: /user/verify-token, Status: 304
Time: 5/7/2024, 9:06:36 PM, Method: GET, URL: /note/get, Status: 304
Time: 5/7/2024, 9:07:05 PM, Method: GET, URL: /user/verify-token, Status: 304
Time: 5/7/2024, 9:07:07 PM, Method: GET, URL: /user/verify-token, Status: 304
Time: 5/7/2024, 9:07:11 PM, Method: GET, URL: /user/verify-token, Status: 304
Time: 5/7/2024, 9:07:11 PM, Method: GET, URL: /note/get, Status: 304
Time: 5/7/2024, 9:08:09 PM, Method: GET, URL: /user/verify-token, Status: 304
Time: 5/7/2024, 9:08:17 PM, Method: GET, URL: /user/verify-token, Status: 304
Time: 5/7/2024, 9:09:14 PM, Method: GET, URL: /user/verify-token, Status: 304
Time: 5/7/2024, 9:09:15 PM, Method: GET, URL: /user/verify-token, Status: 304
Time: 5/7/2024, 9:09:30 PM, Method: GET, URL: /user/verify-token, Status: 304
Time: 5/7/2024, 9:09:30 PM, Method: GET, URL: /note/get, Status: 304
Time: 5/7/2024, 9:09:30 PM, Method: GET, URL: /note/get, Status: 304
Time: 5/7/2024, 9:09:34 PM, Method: GET, URL: /user/verify-token, Status: 304
Time: 5/7/2024, 9:09:35 PM, Method: GET, URL: /user/verify-token, Status: 304
Time: 5/7/2024, 9:09:35 PM, Method: GET, URL: /note/get, Status: 200
Time: 5/7/2024, 9:09:35 PM, Method: GET, URL: /note/get, Status: 304
Time: 5/7/2024, 9:09:38 PM, Method: GET, URL: /user/verify-token, Status: 304
Time: 5/7/2024, 9:10:02 PM, Method: GET, URL: /user/verify-token, Status: 304
Time: 5/7/2024, 9:10:34 PM, Method: GET, URL: /user/verify-token, Status: 304
Time: 5/7/2024, 9:10:34 PM, Method: GET, URL: /note/get, Status: 200
Time: 5/7/2024, 9:10:34 PM, Method: GET, URL: /note/get, Status: 304
Time: 5/7/2024, 9:10:36 PM, Method: GET, URL: /user/verify-token, Status: 304
Time: 5/7/2024, 9:10:45 PM, Method: GET, URL: /note/get, Status: 304
Time: 5/7/2024, 9:10:45 PM, Method: GET, URL: /user/verify-token, Status: 304
Time: 5/7/2024, 9:10:45 PM, Method: GET, URL: /note/get, Status: 304
Time: 5/7/2024, 9:10:46 PM, Method: GET, URL: /user/verify-token, Status: 304
Time: 5/7/2024, 9:11:17 PM, Method: GET, URL: /user/verify-token, Status: 304
Time: 5/7/2024, 9:11:17 PM, Method: GET, URL: /note/get, Status: 304
Time: 5/7/2024, 9:11:17 PM, Method: GET, URL: /note/get, Status: 304
Time: 5/7/2024, 9:11:25 PM, Method: GET, URL: /note/get, Status: 304
Time: 5/7/2024, 9:11:29 PM, Method: GET, URL: /note/get/file/6638e4b2350e97c4a4302253, Status: 200
Time: 5/7/2024, 9:13:24 PM, Method: GET, URL: /note/get/file/6638e4b2350e97c4a4302253, Status: 200
Time: 5/7/2024, 9:13:27 PM, Method: GET, URL: /note/get/file/6638e4b2350e97c4a4302253, Status: 200
Time: 5/7/2024, 9:14:34 PM, Method: GET, URL: /note/get/file/6638e4b2350e97c4a4302253, Status: 200
Time: 5/7/2024, 9:15:16 PM, Method: GET, URL: /note/get/file/6638e4b2350e97c4a4302253, Status: 200
Time: 5/7/2024, 9:15:35 PM, Method: GET, URL: /note/get/file/6638e4b2350e97c4a4302253, Status: 200
Time: 5/7/2024, 9:15:36 PM, Method: GET, URL: /note/get/file/6638e4b2350e97c4a4302253, Status: 200
Time: 5/7/2024, 9:15:37 PM, Method: GET, URL: /note/get/file/6638e4b2350e97c4a4302253, Status: 200
Time: 5/7/2024, 9:15:37 PM, Method: GET, URL: /note/get/file/6638e4b2350e97c4a4302253, Status: 500
Time: 5/7/2024, 9:16:19 PM, Method: GET, URL: /note/get/file/6638e4e8350e97c4a4302256, Status: 200
Time: 5/7/2024, 9:16:23 PM, Method: POST, URL: /user/signin, Status: 200
Time: 5/7/2024, 9:16:23 PM, Method: GET, URL: /user/verify-token, Status: 200
Time: 5/7/2024, 9:16:23 PM, Method: GET, URL: /note/get, Status: 304
Time: 5/7/2024, 9:17:26 PM, Method: POST, URL: /user/signin, Status: 200
Time: 5/7/2024, 9:17:26 PM, Method: GET, URL: /user/verify-token, Status: 304
Time: 5/7/2024, 9:17:26 PM, Method: GET, URL: /note/get, Status: 304
Time: 5/7/2024, 9:18:06 PM, Method: GET, URL: /note/get, Status: 304
Time: 5/7/2024, 9:18:09 PM, Method: GET, URL: /user/verify-token, Status: 304
Time: 5/7/2024, 9:19:21 PM, Method: GET, URL: /user/verify-token, Status: 304
Time: 5/7/2024, 9:21:31 PM, Method: POST, URL: /user/signin, Status: 200
Time: 5/7/2024, 9:21:31 PM, Method: GET, URL: /user/verify-token, Status: 304
Time: 5/7/2024, 9:21:31 PM, Method: GET, URL: /note/get, Status: 304
Time: 5/7/2024, 9:21:34 PM, Method: GET, URL: /user/verify-token, Status: 304
Time: 5/7/2024, 9:22:17 PM, Method: POST, URL: /user/signin, Status: 200
Time: 5/7/2024, 9:22:17 PM, Method: GET, URL: /user/verify-token, Status: 304
Time: 5/7/2024, 9:22:17 PM, Method: GET, URL: /note/get, Status: 304
Time: 5/7/2024, 9:22:19 PM, Method: GET, URL: /user/verify-token, Status: 304
Time: 5/7/2024, 9:23:32 PM, Method: GET, URL: /user/verify-token, Status: 304
Time: 5/7/2024, 9:25:02 PM, Method: GET, URL: /user/verify-token, Status: 304
Time: 5/7/2024, 9:26:19 PM, Method: GET, URL: /user/verify-token, Status: 304
Time: 5/7/2024, 9:26:21 PM, Method: GET, URL: /note/get/file/6638e4b2350e97c4a4302253, Status: 200
Time: 5/7/2024, 9:26:57 PM, Method: GET, URL: /user/verify-token, Status: 304
Time: 5/7/2024, 9:26:57 PM, Method: GET, URL: /note/get, Status: 304
Time: 5/7/2024, 9:27:12 PM, Method: GET, URL: /user/verify-token, Status: 401
Time: 5/7/2024, 9:27:57 PM, Method: POST, URL: /user/signin, Status: 200
Time: 5/7/2024, 9:27:57 PM, Method: GET, URL: /user/verify-token, Status: 200
Time: 5/7/2024, 9:27:57 PM, Method: GET, URL: /note/get, Status: 200
Time: 5/7/2024, 9:28:04 PM, Method: GET, URL: /user/verify-token, Status: 304
Time: 5/7/2024, 9:28:05 PM, Method: GET, URL: /note/get/file/6638e4b2350e97c4a4302253, Status: 200
